[Qibo 0.2.12|INFO|2024-09-25 12:47:50]: Loading platform dummy
2024-09-25 12:47:51,537 - qm - INFO     - Starting session: 7d8c026b-292a-4b5b-aa66-8270508c8a74
2024-09-25 12:47:54,273 - qm - INFO     - Octave "octave2" Health check passed, current temperature 60
2024-09-25 12:47:55,006 - qm - INFO     - Octave "octave3" Health check passed, current temperature 57
2024-09-25 12:47:56,023 - qm - INFO     - Octave "octave4" Health check passed, current temperature 58
2024-09-25 12:47:56,807 - qm - INFO     - Octave "octave5" Health check passed, current temperature 59
2024-09-25 12:47:57,807 - qm - INFO     - Octave "octave6" Health check passed, current temperature 58
2024-09-25 12:47:57,807 - qm - INFO     - Performing health check
2024-09-25 12:47:57,827 - qm - WARNING  - Health check warning: Inter-OPX connectivity issues in OPX: con1. Missing ports are: 12, 11, 10, 9. See QM-App for more info.
2024-09-25 12:47:57,827 - qm - WARNING  - Health check warning: Inter-OPX connectivity issues in OPX: con2. Missing ports are: 12, 11, 10, 9. See QM-App for more info.
2024-09-25 12:47:57,827 - qm - WARNING  - Health check warning: Inter-OPX connectivity issues in OPX: con3. Missing ports are: 12, 11, 10, 9. See QM-App for more info.
2024-09-25 12:47:57,827 - qm - WARNING  - Health check warning: Inter-OPX connectivity issues in OPX: con4. Missing ports are: 12, 11, 10, 9. See QM-App for more info.
2024-09-25 12:47:57,827 - qm - WARNING  - Health check warning: Inter-OPX connectivity issues in OPX: con5. Missing ports are: 12, 11, 10, 9. See QM-App for more info.
2024-09-25 12:47:57,827 - qm - WARNING  - Health check warning: Inter-OPX connectivity issues in OPX: con6. Missing ports are: 12, 11, 10, 9. See QM-App for more info.
2024-09-25 12:47:57,827 - qm - WARNING  - Health check warning: Inter-OPX connectivity issues in OPX: con7. Missing ports are: 12, 11, 10, 9. See QM-App for more info.
2024-09-25 12:47:57,827 - qm - WARNING  - Health check warning: Inter-OPX connectivity issues in OPX: con8. Missing ports are: 12, 11, 10, 9. See QM-App for more info.
2024-09-25 12:47:57,827 - qm - WARNING  - Health check warning: Inter-OPX connectivity issues in OPX: con9. Missing ports are: 12, 11, 10, 9. See QM-App for more info.
2024-09-25 12:47:57,827 - qm - INFO     - Health check passed
Connected to: Rohde&Schwarz SGS100A (serial:1416.0505k02/114167, firmware:4.2.76.0-4.30.046.295) in 0.18s
Connected to: Rohde&Schwarz SGS100A (serial:1416.0505k02/114164, firmware:4.2.76.0-4.30.046.295) in 0.15s
2024-09-25 12:48:00,767 - qm - INFO     - Sending program to QOP for compilation
2024-09-25 12:48:01,752 - qm - WARNING  - pulse 'readout(1000, 0.05, Rectangular())' used in measure is not part of element 'readoutD2' operations
2024-09-25 12:48:01,753 - qm - WARNING  - pulse 'readout(1000, 0.05, Rectangular())' used in measure is not part of element 'readoutD3' operations
2024-09-25 12:48:01,753 - qm - WARNING  - pulse 'readout(2000, 0.05, Rectangular())' used in measure is not part of element 'readoutA2' operations
2024-09-25 12:48:01,753 - qm - WARNING  - pulse 'readout(2000, 0.05, Rectangular())' used in measure is not part of element 'readoutA3' operations
2024-09-25 12:48:01,753 - qm - WARNING  - pulse 'readout(2000, 0.05, Rectangular())' used in measure is not part of element 'readoutA4' operations
2024-09-25 12:48:01,753 - qm - WARNING  - pulse 'readout(2000, 0.05, Rectangular())' used in measure is not part of element 'readoutA5' operations
2024-09-25 12:48:01,753 - qm - WARNING  - pulse 'readout(2000, 0.05, Rectangular())' used in measure is not part of element 'readoutA6' operations
2024-09-25 12:48:01,753 - qm - WARNING  - pulse 'readout(2000, 0.05, Rectangular())' used in measure is not part of element 'readoutB1' operations
2024-09-25 12:48:01,753 - qm - WARNING  - pulse 'readout(2000, 0.05, Rectangular())' used in measure is not part of element 'readoutB2' operations
2024-09-25 12:48:01,753 - qm - WARNING  - pulse 'readout(2000, 0.05, Rectangular())' used in measure is not part of element 'readoutB3' operations
2024-09-25 12:48:01,753 - qm - WARNING  - pulse 'readout(2000, 0.05, Rectangular())' used in measure is not part of element 'readoutB4' operations
2024-09-25 12:48:01,753 - qm - WARNING  - pulse 'readout(2000, 0.05, Rectangular())' used in measure is not part of element 'readoutB5' operations
2024-09-25 12:48:01,753 - qm - WARNING  - pulse 'readout(2000, 0.05, Rectangular())' used in measure is not part of element 'readoutD4' operations
2024-09-25 12:48:01,753 - qm - WARNING  - pulse 'readout(2000, 0.05, Rectangular())' used in measure is not part of element 'readoutD5' operations
2024-09-25 12:48:01,965 - qm - INFO     - Executing program
/nfs/users/elisa.stabilini/qibocal/src/qibocal/protocols/resonator_utils.py:177: RuntimeWarning: Number of calls to function has reached maxfev = 1000.
  p_final = leastsq(
