[Qibo 0.2.11|INFO|2024-09-18 09:38:28]: Loading platform dummy
2024-09-18 09:38:29,843 - qm - INFO     - Starting session: 0775905a-e177-4e2a-900d-7b34eb220cd8
2024-09-18 09:38:32,598 - qm - INFO     - Octave "octave2" Health check passed, current temperature 60
2024-09-18 09:38:33,602 - qm - INFO     - Octave "octave3" Health check passed, current temperature 57
2024-09-18 09:38:34,337 - qm - INFO     - Octave "octave4" Health check passed, current temperature 58
2024-09-18 09:38:35,612 - qm - INFO     - Octave "octave5" Health check passed, current temperature 59
2024-09-18 09:38:36,631 - qm - INFO     - Octave "octave6" Health check passed, current temperature 58
2024-09-18 09:38:36,631 - qm - INFO     - Performing health check
2024-09-18 09:38:36,653 - qm - WARNING  - Health check warning: Inter-OPX connectivity issues in OPX: con1. Missing ports are: 12, 11, 10, 9. See QM-App for more info.
2024-09-18 09:38:36,653 - qm - WARNING  - Health check warning: Inter-OPX connectivity issues in OPX: con2. Missing ports are: 12, 11, 10, 9. See QM-App for more info.
2024-09-18 09:38:36,653 - qm - WARNING  - Health check warning: Inter-OPX connectivity issues in OPX: con3. Missing ports are: 12, 11, 10, 9. See QM-App for more info.
2024-09-18 09:38:36,653 - qm - WARNING  - Health check warning: Inter-OPX connectivity issues in OPX: con4. Missing ports are: 12, 11, 10, 9. See QM-App for more info.
2024-09-18 09:38:36,653 - qm - WARNING  - Health check warning: Inter-OPX connectivity issues in OPX: con5. Missing ports are: 12, 11, 10, 9. See QM-App for more info.
2024-09-18 09:38:36,653 - qm - WARNING  - Health check warning: Inter-OPX connectivity issues in OPX: con6. Missing ports are: 12, 11, 10, 9. See QM-App for more info.
2024-09-18 09:38:36,653 - qm - WARNING  - Health check warning: Inter-OPX connectivity issues in OPX: con7. Missing ports are: 12, 11, 10, 9. See QM-App for more info.
2024-09-18 09:38:36,653 - qm - WARNING  - Health check warning: Inter-OPX connectivity issues in OPX: con8. Missing ports are: 12, 11, 10, 9. See QM-App for more info.
2024-09-18 09:38:36,653 - qm - WARNING  - Health check warning: Inter-OPX connectivity issues in OPX: con9. Missing ports are: 12, 11, 10, 9. See QM-App for more info.
2024-09-18 09:38:36,653 - qm - INFO     - Health check passed
Connected to: Rohde&Schwarz SGS100A (serial:1416.0505k02/114167, firmware:4.2.76.0-4.30.046.295) in 0.21s
Connected to: Rohde&Schwarz SGS100A (serial:1416.0505k02/114164, firmware:4.2.76.0-4.30.046.295) in 0.14s
2024-09-18 09:38:39,075 - qm - INFO     - Sending program to QOP for compilation
2024-09-18 09:38:39,243 - qm - INFO     - Executing program
Traceback (most recent call last):
  File "/nfs/tools/qibo/bin/qq", line 8, in <module>
    sys.exit(command())
  File "/nfs/tools/qibo/lib/python3.10/site-packages/click/core.py", line 1157, in __call__
    return self.main(*args, **kwargs)
  File "/nfs/tools/qibo/lib/python3.10/site-packages/click/core.py", line 1078, in main
    rv = self.invoke(ctx)
  File "/nfs/tools/qibo/lib/python3.10/site-packages/click/core.py", line 1688, in invoke
    return _process_result(sub_ctx.command.invoke(sub_ctx))
  File "/nfs/tools/qibo/lib/python3.10/site-packages/click/core.py", line 1434, in invoke
    return ctx.invoke(self.callback, **ctx.params)
  File "/nfs/tools/qibo/lib/python3.10/site-packages/click/core.py", line 783, in invoke
    return __callback(*args, **kwargs)
  File "/nfs/tools/qibo/lib/python3.10/site-packages/qibocal/cli/_base.py", line 75, in auto
    autocalibrate(runcard, folder, force, update)
  File "/nfs/tools/qibo/lib/python3.10/site-packages/qibocal/cli/autocalibration.py", line 42, in autocalibrate
    history = runcard.run(
  File "/nfs/tools/qibo/lib/python3.10/site-packages/qibocal/auto/runcard.py", line 63, in run
    instance.run_protocol(
  File "/nfs/tools/qibo/lib/python3.10/site-packages/qibocal/auto/execute.py", line 131, in run_protocol
    completed = task.run(platform=self.platform, targets=self.targets, mode=mode)
  File "/nfs/tools/qibo/lib/python3.10/site-packages/qibocal/auto/task.py", line 149, in run
    completed.data, completed.data_time = operation.acquisition(
  File "/nfs/tools/qibo/lib/python3.10/site-packages/qibocal/auto/operation.py", line 42, in wrapper
    out = func(*args, **kwds)
  File "/nfs/tools/qibo/lib/python3.10/site-packages/qibocal/protocols/rabi/length_signal.py", line 92, in _acquisition
    results = platform.sweep(
  File "/nfs/tools/qibo/lib/python3.10/site-packages/qibolab/platform/platform.py", line 301, in sweep
    new_result = instrument.sweep(
  File "/nfs/tools/qibo/lib/python3.10/site-packages/qibolab/instruments/qm/controller.py", line 372, in sweep
    qmsequence, ro_pulses = self.create_sequence(qubits, sequence, sweepers)
  File "/nfs/tools/qibo/lib/python3.10/site-packages/qibolab/instruments/qm/controller.py", line 343, in create_sequence
    qmpulse.bake(self.config, durations=[pulse.duration])
  File "/nfs/tools/qibo/lib/python3.10/site-packages/qibolab/instruments/qm/sequence.py", line 165, in bake
    segment.add_op(self.operation, self.element, waveform)
  File "/nfs/tools/qibo/lib/python3.10/site-packages/qualang_tools/bakery/bakery.py", line 778, in add_op
    raise ValueError("Element provided does not have any analog input")
ValueError: Element provided does not have any analog input
