[Qibo 0.2.11|INFO|2024-09-20 07:49:31]: Loading platform dummy
2024-09-20 07:49:32,470 - qm - INFO     - Starting session: a74ff7a2-0d95-4b47-9602-2cce94188a5a
2024-09-20 07:49:35,519 - qm - INFO     - Octave "octave2" Health check passed, current temperature 60
2024-09-20 07:49:36,535 - qm - INFO     - Octave "octave3" Health check passed, current temperature 57
2024-09-20 07:49:37,270 - qm - INFO     - Octave "octave4" Health check passed, current temperature 58
2024-09-20 07:49:38,483 - qm - INFO     - Octave "octave5" Health check passed, current temperature 59
2024-09-20 07:49:39,218 - qm - INFO     - Octave "octave6" Health check passed, current temperature 58
2024-09-20 07:49:39,218 - qm - INFO     - Performing health check
2024-09-20 07:49:39,239 - qm - WARNING  - Health check warning: Inter-OPX connectivity issues in OPX: con1. Missing ports are: 12, 11, 10, 9. See QM-App for more info.
2024-09-20 07:49:39,239 - qm - WARNING  - Health check warning: Inter-OPX connectivity issues in OPX: con2. Missing ports are: 12, 11, 10, 9. See QM-App for more info.
2024-09-20 07:49:39,239 - qm - WARNING  - Health check warning: Inter-OPX connectivity issues in OPX: con3. Missing ports are: 12, 11, 10, 9. See QM-App for more info.
2024-09-20 07:49:39,239 - qm - WARNING  - Health check warning: Inter-OPX connectivity issues in OPX: con4. Missing ports are: 12, 11, 10, 9. See QM-App for more info.
2024-09-20 07:49:39,239 - qm - WARNING  - Health check warning: Inter-OPX connectivity issues in OPX: con5. Missing ports are: 12, 11, 10, 9. See QM-App for more info.
2024-09-20 07:49:39,239 - qm - WARNING  - Health check warning: Inter-OPX connectivity issues in OPX: con6. Missing ports are: 12, 11, 10, 9. See QM-App for more info.
2024-09-20 07:49:39,239 - qm - WARNING  - Health check warning: Inter-OPX connectivity issues in OPX: con7. Missing ports are: 12, 11, 10, 9. See QM-App for more info.
2024-09-20 07:49:39,240 - qm - WARNING  - Health check warning: Inter-OPX connectivity issues in OPX: con8. Missing ports are: 12, 11, 10, 9. See QM-App for more info.
2024-09-20 07:49:39,240 - qm - WARNING  - Health check warning: Inter-OPX connectivity issues in OPX: con9. Missing ports are: 12, 11, 10, 9. See QM-App for more info.
2024-09-20 07:49:39,240 - qm - INFO     - Health check passed
Connected to: Rohde&Schwarz SGS100A (serial:1416.0505k02/114167, firmware:4.2.76.0-4.30.046.295) in 0.21s
Connected to: Rohde&Schwarz SGS100A (serial:1416.0505k02/114164, firmware:4.2.76.0-4.30.046.295) in 0.14s
2024-09-20 07:49:41,227 - qm - INFO     - Sending program to QOP for compilation
2024-09-20 07:49:41,403 - qm - INFO     - Executing program
2024-09-20 07:49:46,170 - qm - INFO     - Sending program to QOP for compilation
2024-09-20 07:49:46,369 - qm - INFO     - Executing program
slurmstepd-fahid: error: *** JOB 548557 ON fahid CANCELLED AT 2024-09-20T08:21:04 ***
