[Qibo 0.2.11|INFO|2024-09-19 06:35:31]: Loading platform dummy
2024-09-19 06:35:33,294 - qm - INFO     - Starting session: 60f1eb3c-ef6a-425b-9d77-6d05bdedb36d
2024-09-19 06:35:36,354 - qm - INFO     - Octave "octave2" Health check passed, current temperature 60
2024-09-19 06:35:37,497 - qm - INFO     - Octave "octave3" Health check passed, current temperature 57
2024-09-19 06:35:38,513 - qm - INFO     - Octave "octave4" Health check passed, current temperature 58
2024-09-19 06:35:39,530 - qm - INFO     - Octave "octave5" Health check passed, current temperature 59
2024-09-19 06:35:40,299 - qm - INFO     - Octave "octave6" Health check passed, current temperature 58
2024-09-19 06:35:40,300 - qm - INFO     - Performing health check
2024-09-19 06:35:40,318 - qm - WARNING  - Health check warning: Inter-OPX connectivity issues in OPX: con1. Missing ports are: 12, 11, 10, 9. See QM-App for more info.
2024-09-19 06:35:40,319 - qm - WARNING  - Health check warning: Inter-OPX connectivity issues in OPX: con2. Missing ports are: 12, 11, 10, 9. See QM-App for more info.
2024-09-19 06:35:40,319 - qm - WARNING  - Health check warning: Inter-OPX connectivity issues in OPX: con3. Missing ports are: 12, 11, 10, 9. See QM-App for more info.
2024-09-19 06:35:40,319 - qm - WARNING  - Health check warning: Inter-OPX connectivity issues in OPX: con4. Missing ports are: 12, 11, 10, 9. See QM-App for more info.
2024-09-19 06:35:40,319 - qm - WARNING  - Health check warning: Inter-OPX connectivity issues in OPX: con5. Missing ports are: 12, 11, 10, 9. See QM-App for more info.
2024-09-19 06:35:40,319 - qm - WARNING  - Health check warning: Inter-OPX connectivity issues in OPX: con6. Missing ports are: 12, 11, 10, 9. See QM-App for more info.
2024-09-19 06:35:40,319 - qm - WARNING  - Health check warning: Inter-OPX connectivity issues in OPX: con7. Missing ports are: 12, 11, 10, 9. See QM-App for more info.
2024-09-19 06:35:40,319 - qm - WARNING  - Health check warning: Inter-OPX connectivity issues in OPX: con8. Missing ports are: 12, 11, 10, 9. See QM-App for more info.
2024-09-19 06:35:40,319 - qm - WARNING  - Health check warning: Inter-OPX connectivity issues in OPX: con9. Missing ports are: 12, 11, 10, 9. See QM-App for more info.
2024-09-19 06:35:40,319 - qm - INFO     - Health check passed
Connected to: Rohde&Schwarz SGS100A (serial:1416.0505k02/114167, firmware:4.2.76.0-4.30.046.295) in 0.21s
Connected to: Rohde&Schwarz SGS100A (serial:1416.0505k02/114164, firmware:4.2.76.0-4.30.046.295) in 0.16s
2024-09-19 06:35:42,718 - qm - INFO     - Sending program to QOP for compilation
2024-09-19 06:35:42,922 - qm - INFO     - Executing program
2024-09-19 06:35:45,709 - qm - INFO     - Sending program to QOP for compilation
2024-09-19 06:35:45,858 - qm - INFO     - Executing program
2024-09-19 06:35:50,061 - qm - INFO     - Sending program to QOP for compilation
2024-09-19 06:35:50,213 - qm - INFO     - Executing program
2024-09-19 06:35:53,522 - qm - INFO     - Sending program to QOP for compilation
2024-09-19 06:35:53,672 - qm - INFO     - Executing program
2024-09-19 06:35:56,972 - qm - INFO     - Sending program to QOP for compilation
2024-09-19 06:35:57,191 - qm - INFO     - Executing program
2024-09-19 06:36:00,406 - qm - INFO     - Sending program to QOP for compilation
2024-09-19 06:36:00,622 - qm - INFO     - Executing program
2024-09-19 06:36:03,916 - qm - INFO     - Sending program to QOP for compilation
2024-09-19 06:36:04,137 - qm - INFO     - Executing program
2024-09-19 06:36:07,311 - qm - INFO     - Sending program to QOP for compilation
2024-09-19 06:36:07,532 - qm - INFO     - Executing program
2024-09-19 06:36:10,756 - qm - INFO     - Sending program to QOP for compilation
2024-09-19 06:36:10,928 - qm - INFO     - Executing program
2024-09-19 06:36:14,189 - qm - INFO     - Sending program to QOP for compilation
2024-09-19 06:36:14,356 - qm - INFO     - Executing program
2024-09-19 06:36:17,635 - qm - INFO     - Sending program to QOP for compilation
2024-09-19 06:36:17,873 - qm - INFO     - Executing program
2024-09-19 06:36:21,086 - qm - INFO     - Sending program to QOP for compilation
2024-09-19 06:36:21,325 - qm - INFO     - Executing program
2024-09-19 06:36:24,535 - qm - INFO     - Sending program to QOP for compilation
2024-09-19 06:36:24,774 - qm - INFO     - Executing program
2024-09-19 06:36:27,993 - qm - INFO     - Sending program to QOP for compilation
2024-09-19 06:36:28,244 - qm - INFO     - Executing program
2024-09-19 06:36:31,435 - qm - INFO     - Sending program to QOP for compilation
2024-09-19 06:36:31,673 - qm - INFO     - Executing program
2024-09-19 06:36:34,900 - qm - INFO     - Sending program to QOP for compilation
2024-09-19 06:36:35,098 - qm - INFO     - Executing program
2024-09-19 06:36:38,348 - qm - INFO     - Sending program to QOP for compilation
2024-09-19 06:36:38,614 - qm - INFO     - Executing program
2024-09-19 06:36:41,789 - qm - INFO     - Sending program to QOP for compilation
2024-09-19 06:36:42,047 - qm - INFO     - Executing program
2024-09-19 06:36:45,308 - qm - INFO     - Sending program to QOP for compilation
2024-09-19 06:36:45,582 - qm - INFO     - Executing program
2024-09-19 06:36:48,676 - qm - INFO     - Sending program to QOP for compilation
2024-09-19 06:36:48,943 - qm - INFO     - Executing program
