[Qibo 0.2.12|INFO|2024-09-25 16:55:51]: Loading platform dummy
2024-09-25 16:55:52,219 - qm - INFO     - Starting session: 0063475d-cc7a-44b2-b518-22eceb60755b
2024-09-25 16:55:54,929 - qm - INFO     - Octave "octave2" Health check passed, current temperature 60
2024-09-25 16:55:55,949 - qm - INFO     - Octave "octave3" Health check passed, current temperature 57
2024-09-25 16:55:57,087 - qm - INFO     - Octave "octave4" Health check passed, current temperature 58
2024-09-25 16:55:57,871 - qm - INFO     - Octave "octave5" Health check passed, current temperature 59
2024-09-25 16:55:58,594 - qm - INFO     - Octave "octave6" Health check passed, current temperature 58
2024-09-25 16:55:58,594 - qm - INFO     - Performing health check
2024-09-25 16:55:58,618 - qm - WARNING  - Health check warning: Inter-OPX connectivity issues in OPX: con1. Missing ports are: 12, 11, 10, 9. See QM-App for more info.
2024-09-25 16:55:58,618 - qm - WARNING  - Health check warning: Inter-OPX connectivity issues in OPX: con2. Missing ports are: 12, 11, 10, 9. See QM-App for more info.
2024-09-25 16:55:58,618 - qm - WARNING  - Health check warning: Inter-OPX connectivity issues in OPX: con3. Missing ports are: 12, 11, 10, 9. See QM-App for more info.
2024-09-25 16:55:58,618 - qm - WARNING  - Health check warning: Inter-OPX connectivity issues in OPX: con4. Missing ports are: 12, 11, 10, 9. See QM-App for more info.
2024-09-25 16:55:58,619 - qm - WARNING  - Health check warning: Inter-OPX connectivity issues in OPX: con5. Missing ports are: 12, 11, 10, 9. See QM-App for more info.
2024-09-25 16:55:58,619 - qm - WARNING  - Health check warning: Inter-OPX connectivity issues in OPX: con6. Missing ports are: 12, 11, 10, 9. See QM-App for more info.
2024-09-25 16:55:58,619 - qm - WARNING  - Health check warning: Inter-OPX connectivity issues in OPX: con7. Missing ports are: 12, 11, 10, 9. See QM-App for more info.
2024-09-25 16:55:58,619 - qm - WARNING  - Health check warning: Inter-OPX connectivity issues in OPX: con8. Missing ports are: 12, 11, 10, 9. See QM-App for more info.
2024-09-25 16:55:58,619 - qm - WARNING  - Health check warning: Inter-OPX connectivity issues in OPX: con9. Missing ports are: 12, 11, 10, 9. See QM-App for more info.
2024-09-25 16:55:58,619 - qm - INFO     - Health check passed
Connected to: Rohde&Schwarz SGS100A (serial:1416.0505k02/114167, firmware:4.2.76.0-4.30.046.295) in 0.18s
Connected to: Rohde&Schwarz SGS100A (serial:1416.0505k02/114164, firmware:4.2.76.0-4.30.046.295) in 0.14s
2024-09-25 16:56:01,542 - qm - INFO     - Sending program to QOP for compilation
2024-09-25 16:56:01,671 - qm - INFO     - Executing program
2024-09-25 16:56:14,364 - qm - INFO     - Sending program to QOP for compilation
2024-09-25 16:56:14,606 - qm - INFO     - Executing program
Traceback (most recent call last):
  File "/nfs/users/elisa.stabilini/calibration/bin/qq", line 8, in <module>
    sys.exit(command())
  File "/nfs/users/elisa.stabilini/calibration/lib/python3.10/site-packages/click/core.py", line 1157, in __call__
    return self.main(*args, **kwargs)
  File "/nfs/users/elisa.stabilini/calibration/lib/python3.10/site-packages/click/core.py", line 1078, in main
    rv = self.invoke(ctx)
  File "/nfs/users/elisa.stabilini/calibration/lib/python3.10/site-packages/click/core.py", line 1688, in invoke
    return _process_result(sub_ctx.command.invoke(sub_ctx))
  File "/nfs/users/elisa.stabilini/calibration/lib/python3.10/site-packages/click/core.py", line 1434, in invoke
    return ctx.invoke(self.callback, **ctx.params)
  File "/nfs/users/elisa.stabilini/calibration/lib/python3.10/site-packages/click/core.py", line 783, in invoke
    return __callback(*args, **kwargs)
  File "/nfs/users/elisa.stabilini/qibocal/src/qibocal/cli/_base.py", line 75, in auto
    autocalibrate(runcard, folder, force, update)
  File "/nfs/users/elisa.stabilini/qibocal/src/qibocal/cli/autocalibration.py", line 42, in autocalibrate
    history = runcard.run(
  File "/nfs/users/elisa.stabilini/qibocal/src/qibocal/auto/runcard.py", line 63, in run
    instance.run_protocol(
  File "/nfs/users/elisa.stabilini/qibocal/src/qibocal/auto/execute.py", line 131, in run_protocol
    completed = task.run(platform=self.platform, targets=self.targets, mode=mode)
  File "/nfs/users/elisa.stabilini/qibocal/src/qibocal/auto/task.py", line 149, in run
    completed.data, completed.data_time = operation.acquisition(
  File "/nfs/users/elisa.stabilini/qibocal/src/qibocal/auto/operation.py", line 42, in wrapper
    out = func(*args, **kwds)
  File "/nfs/users/elisa.stabilini/qibocal/src/qibocal/protocols/qubit_power_spectroscopy.py", line 104, in _acquisition
    results = platform.sweep(
  File "/nfs/users/elisa.stabilini/calibration/lib/python3.10/site-packages/qibolab/platform/platform.py", line 301, in sweep
    new_result = instrument.sweep(
  File "/nfs/users/elisa.stabilini/calibration/lib/python3.10/site-packages/qibolab/instruments/qm/controller.py", line 378, in sweep
    sweep(
  File "/nfs/users/elisa.stabilini/calibration/lib/python3.10/site-packages/qibolab/instruments/qm/sweepers.py", line 51, in sweep
    _sweep_recursion(sweepers, qubits, qmsequence, relaxation_time)
  File "/nfs/users/elisa.stabilini/calibration/lib/python3.10/site-packages/qibolab/instruments/qm/sweepers.py", line 61, in _sweep_recursion
    globals()[func_name](sweepers, qubits, qmsequence, relaxation_time)
  File "/nfs/users/elisa.stabilini/calibration/lib/python3.10/site-packages/qibolab/instruments/qm/sweepers.py", line 113, in _sweep_amplitude
    raise_error(ValueError, "Amplitude sweep values are >2 which is not supported.")
  File "/nfs/users/elisa.stabilini/calibration/lib/python3.10/site-packages/qibo/config.py", line 46, in raise_error
    raise exception(message)
ValueError: Amplitude sweep values are >2 which is not supported.
