2024-10-21 16:45:35,260 - qm - INFO     - Starting session: 0ce2a8a9-1abd-49bd-8943-b3102e17c3a7
2024-10-21 16:45:38,222 - qm - INFO     - Octave "octave2" Health check passed, current temperature 60
2024-10-21 16:45:39,675 - qm - INFO     - Octave "octave3" Health check passed, current temperature 57
2024-10-21 16:45:41,104 - qm - INFO     - Octave "octave4" Health check passed, current temperature 58
2024-10-21 16:45:42,339 - qm - INFO     - Octave "octave5" Health check passed, current temperature 59
2024-10-21 16:45:43,353 - qm - INFO     - Octave "octave6" Health check passed, current temperature 58
2024-10-21 16:45:43,354 - qm - INFO     - Performing health check
2024-10-21 16:45:43,375 - qm - WARNING  - Health check warning: Inter-OPX connectivity issues in OPX: con1. Missing ports are: 12, 11, 10, 9. See QM-App for more info.
2024-10-21 16:45:43,375 - qm - WARNING  - Health check warning: Inter-OPX connectivity issues in OPX: con2. Missing ports are: 12, 11, 10, 9. See QM-App for more info.
2024-10-21 16:45:43,375 - qm - WARNING  - Health check warning: Inter-OPX connectivity issues in OPX: con3. Missing ports are: 12, 11, 10, 9. See QM-App for more info.
2024-10-21 16:45:43,375 - qm - WARNING  - Health check warning: Inter-OPX connectivity issues in OPX: con4. Missing ports are: 12, 11, 10, 9. See QM-App for more info.
2024-10-21 16:45:43,375 - qm - WARNING  - Health check warning: Inter-OPX connectivity issues in OPX: con5. Missing ports are: 12, 11, 10, 9. See QM-App for more info.
2024-10-21 16:45:43,375 - qm - WARNING  - Health check warning: Inter-OPX connectivity issues in OPX: con6. Missing ports are: 12, 11, 10, 9. See QM-App for more info.
2024-10-21 16:45:43,375 - qm - WARNING  - Health check warning: Inter-OPX connectivity issues in OPX: con7. Missing ports are: 12, 11, 10, 9. See QM-App for more info.
2024-10-21 16:45:43,375 - qm - WARNING  - Health check warning: Inter-OPX connectivity issues in OPX: con8. Missing ports are: 12, 11, 10, 9. See QM-App for more info.
2024-10-21 16:45:43,375 - qm - WARNING  - Health check warning: Inter-OPX connectivity issues in OPX: con9. Missing ports are: 12, 11, 10, 9. See QM-App for more info.
2024-10-21 16:45:43,375 - qm - INFO     - Health check passed
Connected to: Rohde&Schwarz SGS100A (serial:1416.0505k02/114167, firmware:4.2.76.0-4.30.046.295) in 0.18s
Connected to: Rohde&Schwarz SGS100A (serial:1416.0505k02/114164, firmware:4.2.76.0-4.30.046.295) in 0.14s
2024-10-21 16:45:45,766 - qm - INFO     - Sending program to QOP for compilation
2024-10-21 16:45:46,017 - qm - INFO     - Executing program
/nfs/users/elisa.stabilini/calibration/lib/python3.10/site-packages/scipy/optimize/_minpack_py.py:975: RuntimeWarning: divide by zero encountered in divide
  transform = 1.0 / sigma
