2024-10-23 08:23:34,208 - qm - INFO     - Starting session: 19cf570c-fc59-46d0-a5b1-1aebd04f1728
2024-10-23 08:23:36,838 - qm - INFO     - Octave "octave2" Health check passed, current temperature 60
2024-10-23 08:23:37,984 - qm - INFO     - Octave "octave3" Health check passed, current temperature 57
2024-10-23 08:23:39,005 - qm - INFO     - Octave "octave4" Health check passed, current temperature 58
2024-10-23 08:23:39,738 - qm - INFO     - Octave "octave5" Health check passed, current temperature 59
2024-10-23 08:23:40,470 - qm - INFO     - Octave "octave6" Health check passed, current temperature 58
2024-10-23 08:23:40,470 - qm - INFO     - Performing health check
2024-10-23 08:23:40,489 - qm - WARNING  - Health check warning: Inter-OPX connectivity issues in OPX: con1. Missing ports are: 12, 11, 10, 9. See QM-App for more info.
2024-10-23 08:23:40,490 - qm - WARNING  - Health check warning: Inter-OPX connectivity issues in OPX: con2. Missing ports are: 12, 11, 10, 9. See QM-App for more info.
2024-10-23 08:23:40,490 - qm - WARNING  - Health check warning: Inter-OPX connectivity issues in OPX: con3. Missing ports are: 12, 11, 10, 9. See QM-App for more info.
2024-10-23 08:23:40,490 - qm - WARNING  - Health check warning: Inter-OPX connectivity issues in OPX: con4. Missing ports are: 12, 11, 10, 9. See QM-App for more info.
2024-10-23 08:23:40,490 - qm - WARNING  - Health check warning: Inter-OPX connectivity issues in OPX: con5. Missing ports are: 12, 11, 10, 9. See QM-App for more info.
2024-10-23 08:23:40,490 - qm - WARNING  - Health check warning: Inter-OPX connectivity issues in OPX: con6. Missing ports are: 12, 11, 10, 9. See QM-App for more info.
2024-10-23 08:23:40,490 - qm - WARNING  - Health check warning: Inter-OPX connectivity issues in OPX: con7. Missing ports are: 12, 11, 10, 9. See QM-App for more info.
2024-10-23 08:23:40,490 - qm - WARNING  - Health check warning: Inter-OPX connectivity issues in OPX: con8. Missing ports are: 12, 11, 10, 9. See QM-App for more info.
2024-10-23 08:23:40,490 - qm - WARNING  - Health check warning: Inter-OPX connectivity issues in OPX: con9. Missing ports are: 12, 11, 10, 9. See QM-App for more info.
2024-10-23 08:23:40,490 - qm - INFO     - Health check passed
Connected to: Rohde&Schwarz SGS100A (serial:1416.0505k02/114167, firmware:4.2.76.0-4.30.046.295) in 0.18s
Connected to: Rohde&Schwarz SGS100A (serial:1416.0505k02/114164, firmware:4.2.76.0-4.30.046.295) in 0.14s
2024-10-23 08:23:43,605 - qm - INFO     - Sending program to QOP for compilation
2024-10-23 08:23:43,759 - qm - INFO     - Executing program
2024-10-23 08:23:46,812 - qm - INFO     - Sending program to QOP for compilation
2024-10-23 08:23:46,967 - qm - INFO     - Executing program
2024-10-23 08:23:49,333 - qm - INFO     - Sending program to QOP for compilation
2024-10-23 08:23:49,554 - qm - INFO     - Executing program
2024-10-23 08:23:51,911 - qm - INFO     - Sending program to QOP for compilation
2024-10-23 08:23:52,056 - qm - INFO     - Executing program
2024-10-23 08:23:54,496 - qm - INFO     - Sending program to QOP for compilation
2024-10-23 08:23:54,688 - qm - INFO     - Executing program
2024-10-23 08:23:57,079 - qm - INFO     - Sending program to QOP for compilation
2024-10-23 08:23:57,239 - qm - INFO     - Executing program
2024-10-23 08:23:59,700 - qm - INFO     - Sending program to QOP for compilation
2024-10-23 08:23:59,915 - qm - INFO     - Executing program
2024-10-23 08:24:02,248 - qm - INFO     - Sending program to QOP for compilation
2024-10-23 08:24:02,405 - qm - INFO     - Executing program
2024-10-23 08:24:04,909 - qm - INFO     - Sending program to QOP for compilation
2024-10-23 08:24:05,057 - qm - INFO     - Executing program
2024-10-23 08:24:07,419 - qm - INFO     - Sending program to QOP for compilation
2024-10-23 08:24:07,578 - qm - INFO     - Executing program
2024-10-23 08:24:10,128 - qm - INFO     - Sending program to QOP for compilation
2024-10-23 08:24:10,278 - qm - INFO     - Executing program
2024-10-23 08:24:12,585 - qm - INFO     - Sending program to QOP for compilation
2024-10-23 08:24:12,750 - qm - INFO     - Executing program
2024-10-23 08:24:15,302 - qm - INFO     - Sending program to QOP for compilation
2024-10-23 08:24:15,514 - qm - INFO     - Executing program
2024-10-23 08:24:17,760 - qm - INFO     - Sending program to QOP for compilation
2024-10-23 08:24:17,987 - qm - INFO     - Executing program
2024-10-23 08:24:20,779 - qm - INFO     - Sending program to QOP for compilation
2024-10-23 08:24:20,927 - qm - INFO     - Executing program
2024-10-23 08:24:23,982 - qm - INFO     - Sending program to QOP for compilation
2024-10-23 08:24:24,185 - qm - INFO     - Executing program
