2024-10-23 08:06:43,719 - qm - INFO     - Starting session: a7855865-b1dc-46c9-bb25-073f4ff700f6
2024-10-23 08:06:46,682 - qm - INFO     - Octave "octave2" Health check passed, current temperature 60
2024-10-23 08:06:47,705 - qm - INFO     - Octave "octave3" Health check passed, current temperature 57
2024-10-23 08:06:48,717 - qm - INFO     - Octave "octave4" Health check passed, current temperature 58
2024-10-23 08:06:49,824 - qm - INFO     - Octave "octave5" Health check passed, current temperature 59
2024-10-23 08:06:50,561 - qm - INFO     - Octave "octave6" Health check passed, current temperature 58
2024-10-23 08:06:50,561 - qm - INFO     - Performing health check
2024-10-23 08:06:50,583 - qm - WARNING  - Health check warning: Inter-OPX connectivity issues in OPX: con1. Missing ports are: 12, 11, 10, 9. See QM-App for more info.
2024-10-23 08:06:50,583 - qm - WARNING  - Health check warning: Inter-OPX connectivity issues in OPX: con2. Missing ports are: 12, 11, 10, 9. See QM-App for more info.
2024-10-23 08:06:50,583 - qm - WARNING  - Health check warning: Inter-OPX connectivity issues in OPX: con3. Missing ports are: 12, 11, 10, 9. See QM-App for more info.
2024-10-23 08:06:50,583 - qm - WARNING  - Health check warning: Inter-OPX connectivity issues in OPX: con4. Missing ports are: 12, 11, 10, 9. See QM-App for more info.
2024-10-23 08:06:50,583 - qm - WARNING  - Health check warning: Inter-OPX connectivity issues in OPX: con5. Missing ports are: 12, 11, 10, 9. See QM-App for more info.
2024-10-23 08:06:50,583 - qm - WARNING  - Health check warning: Inter-OPX connectivity issues in OPX: con6. Missing ports are: 12, 11, 10, 9. See QM-App for more info.
2024-10-23 08:06:50,583 - qm - WARNING  - Health check warning: Inter-OPX connectivity issues in OPX: con7. Missing ports are: 12, 11, 10, 9. See QM-App for more info.
2024-10-23 08:06:50,583 - qm - WARNING  - Health check warning: Inter-OPX connectivity issues in OPX: con8. Missing ports are: 12, 11, 10, 9. See QM-App for more info.
2024-10-23 08:06:50,584 - qm - WARNING  - Health check warning: Inter-OPX connectivity issues in OPX: con9. Missing ports are: 12, 11, 10, 9. See QM-App for more info.
2024-10-23 08:06:50,584 - qm - INFO     - Health check passed
Connected to: Rohde&Schwarz SGS100A (serial:1416.0505k02/114167, firmware:4.2.76.0-4.30.046.295) in 0.18s
Connected to: Rohde&Schwarz SGS100A (serial:1416.0505k02/114164, firmware:4.2.76.0-4.30.046.295) in 0.14s
2024-10-23 08:06:53,399 - qm - INFO     - Sending program to QOP for compilation
2024-10-23 08:06:53,622 - qm - INFO     - Executing program
2024-10-23 08:06:56,019 - qm - INFO     - Sending program to QOP for compilation
2024-10-23 08:06:56,168 - qm - INFO     - Executing program
2024-10-23 08:06:58,812 - qm - INFO     - Sending program to QOP for compilation
2024-10-23 08:06:59,022 - qm - INFO     - Executing program
2024-10-23 08:07:01,622 - qm - INFO     - Sending program to QOP for compilation
2024-10-23 08:07:01,773 - qm - INFO     - Executing program
2024-10-23 08:07:04,455 - qm - INFO     - Sending program to QOP for compilation
2024-10-23 08:07:04,663 - qm - INFO     - Executing program
2024-10-23 08:07:07,221 - qm - INFO     - Sending program to QOP for compilation
2024-10-23 08:07:07,370 - qm - INFO     - Executing program
2024-10-23 08:07:10,240 - qm - INFO     - Sending program to QOP for compilation
2024-10-23 08:07:10,454 - qm - INFO     - Executing program
2024-10-23 08:07:13,692 - qm - INFO     - Sending program to QOP for compilation
2024-10-23 08:07:13,910 - qm - INFO     - Executing program
2024-10-23 08:07:16,108 - qm - INFO     - Sending program to QOP for compilation
2024-10-23 08:07:16,258 - qm - INFO     - Executing program
2024-10-23 08:07:18,975 - qm - INFO     - Sending program to QOP for compilation
2024-10-23 08:07:19,117 - qm - INFO     - Executing program
2024-10-23 08:07:21,983 - qm - INFO     - Sending program to QOP for compilation
2024-10-23 08:07:22,197 - qm - INFO     - Executing program
2024-10-23 08:07:24,642 - qm - INFO     - Sending program to QOP for compilation
2024-10-23 08:07:24,856 - qm - INFO     - Executing program
2024-10-23 08:07:26,998 - qm - INFO     - Sending program to QOP for compilation
2024-10-23 08:07:27,227 - qm - INFO     - Executing program
2024-10-23 08:07:29,863 - qm - INFO     - Sending program to QOP for compilation
2024-10-23 08:07:30,020 - qm - INFO     - Executing program
2024-10-23 08:07:32,256 - qm - INFO     - Sending program to QOP for compilation
2024-10-23 08:07:32,455 - qm - INFO     - Executing program
2024-10-23 08:07:35,150 - qm - INFO     - Sending program to QOP for compilation
2024-10-23 08:07:35,359 - qm - INFO     - Executing program
