2024-10-23 08:34:34,041 - qm - INFO     - Starting session: 24cbfd3a-2723-4389-b195-449889bf9417
2024-10-23 08:34:36,967 - qm - INFO     - Octave "octave2" Health check passed, current temperature 60
2024-10-23 08:34:38,106 - qm - INFO     - Octave "octave3" Health check passed, current temperature 57
2024-10-23 08:34:39,001 - qm - INFO     - Octave "octave4" Health check passed, current temperature 58
2024-10-23 08:34:40,019 - qm - INFO     - Octave "octave5" Health check passed, current temperature 59
2024-10-23 08:34:41,030 - qm - INFO     - Octave "octave6" Health check passed, current temperature 58
2024-10-23 08:34:41,030 - qm - INFO     - Performing health check
2024-10-23 08:34:41,051 - qm - WARNING  - Health check warning: Inter-OPX connectivity issues in OPX: con1. Missing ports are: 12, 11, 10, 9. See QM-App for more info.
2024-10-23 08:34:41,051 - qm - WARNING  - Health check warning: Inter-OPX connectivity issues in OPX: con2. Missing ports are: 12, 11, 10, 9. See QM-App for more info.
2024-10-23 08:34:41,051 - qm - WARNING  - Health check warning: Inter-OPX connectivity issues in OPX: con3. Missing ports are: 12, 11, 10, 9. See QM-App for more info.
2024-10-23 08:34:41,051 - qm - WARNING  - Health check warning: Inter-OPX connectivity issues in OPX: con4. Missing ports are: 12, 11, 10, 9. See QM-App for more info.
2024-10-23 08:34:41,051 - qm - WARNING  - Health check warning: Inter-OPX connectivity issues in OPX: con5. Missing ports are: 12, 11, 10, 9. See QM-App for more info.
2024-10-23 08:34:41,051 - qm - WARNING  - Health check warning: Inter-OPX connectivity issues in OPX: con6. Missing ports are: 12, 11, 10, 9. See QM-App for more info.
2024-10-23 08:34:41,051 - qm - WARNING  - Health check warning: Inter-OPX connectivity issues in OPX: con7. Missing ports are: 12, 11, 10, 9. See QM-App for more info.
2024-10-23 08:34:41,051 - qm - WARNING  - Health check warning: Inter-OPX connectivity issues in OPX: con8. Missing ports are: 12, 11, 10, 9. See QM-App for more info.
2024-10-23 08:34:41,051 - qm - WARNING  - Health check warning: Inter-OPX connectivity issues in OPX: con9. Missing ports are: 12, 11, 10, 9. See QM-App for more info.
2024-10-23 08:34:41,051 - qm - INFO     - Health check passed
Connected to: Rohde&Schwarz SGS100A (serial:1416.0505k02/114167, firmware:4.2.76.0-4.30.046.295) in 0.18s
Connected to: Rohde&Schwarz SGS100A (serial:1416.0505k02/114164, firmware:4.2.76.0-4.30.046.295) in 0.14s
2024-10-23 08:34:43,298 - qm - INFO     - Sending program to QOP for compilation
2024-10-23 08:34:43,474 - qm - INFO     - Executing program
2024-10-23 08:35:07,097 - qm - INFO     - Sending program to QOP for compilation
2024-10-23 08:35:07,256 - qm - INFO     - Executing program
2024-10-23 08:35:31,230 - qm - INFO     - Sending program to QOP for compilation
2024-10-23 08:35:31,416 - qm - INFO     - Executing program
2024-10-23 08:35:34,453 - qm - INFO     - Sending program to QOP for compilation
2024-10-23 08:35:34,650 - qm - INFO     - Executing program
2024-10-23 08:35:36,941 - qm - INFO     - Sending program to QOP for compilation
2024-10-23 08:35:37,113 - qm - INFO     - Executing program
2024-10-23 08:35:39,964 - qm - INFO     - Sending program to QOP for compilation
2024-10-23 08:35:40,098 - qm - INFO     - Executing program
2024-10-23 08:35:43,245 - qm - INFO     - Sending program to QOP for compilation
2024-10-23 08:35:43,426 - qm - INFO     - Executing program
2024-10-23 08:35:45,693 - qm - INFO     - Sending program to QOP for compilation
2024-10-23 08:35:45,833 - qm - INFO     - Executing program
2024-10-23 08:35:48,748 - qm - INFO     - Sending program to QOP for compilation
2024-10-23 08:35:48,924 - qm - INFO     - Executing program
2024-10-23 08:35:51,579 - qm - INFO     - Sending program to QOP for compilation
2024-10-23 08:35:51,721 - qm - INFO     - Executing program
2024-10-23 08:35:54,440 - qm - INFO     - Sending program to QOP for compilation
2024-10-23 08:35:54,611 - qm - INFO     - Executing program
2024-10-23 08:35:56,851 - qm - INFO     - Sending program to QOP for compilation
2024-10-23 08:35:57,067 - qm - INFO     - Executing program
2024-10-23 08:35:59,612 - qm - INFO     - Sending program to QOP for compilation
2024-10-23 08:35:59,785 - qm - INFO     - Executing program
2024-10-23 08:36:02,134 - qm - INFO     - Sending program to QOP for compilation
2024-10-23 08:36:02,282 - qm - INFO     - Executing program
2024-10-23 08:36:04,857 - qm - INFO     - Sending program to QOP for compilation
2024-10-23 08:36:04,978 - qm - INFO     - Executing program
2024-10-23 08:36:07,441 - qm - INFO     - Sending program to QOP for compilation
2024-10-23 08:36:07,582 - qm - INFO     - Executing program
2024-10-23 08:36:09,948 - qm - INFO     - Sending program to QOP for compilation
2024-10-23 08:36:10,125 - qm - INFO     - Executing program
2024-10-23 08:36:12,667 - qm - INFO     - Sending program to QOP for compilation
2024-10-23 08:36:12,880 - qm - INFO     - Executing program
