2024-10-23 07:23:46,045 - qm - INFO     - Starting session: 393f7fef-3d76-4768-b0d1-2a1d77d0191f
2024-10-23 07:23:48,983 - qm - INFO     - Octave "octave2" Health check passed, current temperature 60
2024-10-23 07:23:50,409 - qm - INFO     - Octave "octave3" Health check passed, current temperature 57
2024-10-23 07:23:51,474 - qm - INFO     - Octave "octave4" Health check passed, current temperature 58
2024-10-23 07:23:52,204 - qm - INFO     - Octave "octave5" Health check passed, current temperature 59
2024-10-23 07:23:53,129 - qm - INFO     - Octave "octave6" Health check passed, current temperature 58
2024-10-23 07:23:53,129 - qm - INFO     - Performing health check
2024-10-23 07:23:53,150 - qm - WARNING  - Health check warning: Inter-OPX connectivity issues in OPX: con1. Missing ports are: 12, 11, 10, 9. See QM-App for more info.
2024-10-23 07:23:53,150 - qm - WARNING  - Health check warning: Inter-OPX connectivity issues in OPX: con2. Missing ports are: 12, 11, 10, 9. See QM-App for more info.
2024-10-23 07:23:53,150 - qm - WARNING  - Health check warning: Inter-OPX connectivity issues in OPX: con3. Missing ports are: 12, 11, 10, 9. See QM-App for more info.
2024-10-23 07:23:53,150 - qm - WARNING  - Health check warning: Inter-OPX connectivity issues in OPX: con4. Missing ports are: 12, 11, 10, 9. See QM-App for more info.
2024-10-23 07:23:53,150 - qm - WARNING  - Health check warning: Inter-OPX connectivity issues in OPX: con5. Missing ports are: 12, 11, 10, 9. See QM-App for more info.
2024-10-23 07:23:53,150 - qm - WARNING  - Health check warning: Inter-OPX connectivity issues in OPX: con6. Missing ports are: 12, 11, 10, 9. See QM-App for more info.
2024-10-23 07:23:53,150 - qm - WARNING  - Health check warning: Inter-OPX connectivity issues in OPX: con7. Missing ports are: 12, 11, 10, 9. See QM-App for more info.
2024-10-23 07:23:53,150 - qm - WARNING  - Health check warning: Inter-OPX connectivity issues in OPX: con8. Missing ports are: 12, 11, 10, 9. See QM-App for more info.
2024-10-23 07:23:53,150 - qm - WARNING  - Health check warning: Inter-OPX connectivity issues in OPX: con9. Missing ports are: 12, 11, 10, 9. See QM-App for more info.
2024-10-23 07:23:53,150 - qm - INFO     - Health check passed
Connected to: Rohde&Schwarz SGS100A (serial:1416.0505k02/114167, firmware:4.2.76.0-4.30.046.295) in 0.18s
Connected to: Rohde&Schwarz SGS100A (serial:1416.0505k02/114164, firmware:4.2.76.0-4.30.046.295) in 0.14s
2024-10-23 07:23:56,073 - qm - INFO     - Sending program to QOP for compilation
2024-10-23 07:23:56,289 - qm - INFO     - Executing program
2024-10-23 07:23:59,112 - qm - INFO     - Sending program to QOP for compilation
2024-10-23 07:23:59,314 - qm - INFO     - Executing program
2024-10-23 07:24:01,385 - qm - INFO     - Sending program to QOP for compilation
2024-10-23 07:24:01,533 - qm - INFO     - Executing program
2024-10-23 07:24:04,339 - qm - INFO     - Sending program to QOP for compilation
2024-10-23 07:24:04,561 - qm - INFO     - Executing program
2024-10-23 07:24:07,269 - qm - INFO     - Sending program to QOP for compilation
2024-10-23 07:24:07,498 - qm - INFO     - Executing program
2024-10-23 07:24:10,152 - qm - INFO     - Sending program to QOP for compilation
2024-10-23 07:24:10,313 - qm - INFO     - Executing program
2024-10-23 07:24:12,461 - qm - INFO     - Sending program to QOP for compilation
2024-10-23 07:24:12,687 - qm - INFO     - Executing program
2024-10-23 07:24:15,412 - qm - INFO     - Sending program to QOP for compilation
2024-10-23 07:24:15,579 - qm - INFO     - Executing program
2024-10-23 07:24:17,683 - qm - INFO     - Sending program to QOP for compilation
2024-10-23 07:24:17,913 - qm - INFO     - Executing program
2024-10-23 07:24:20,570 - qm - INFO     - Sending program to QOP for compilation
2024-10-23 07:24:20,802 - qm - INFO     - Executing program
2024-10-23 07:24:22,973 - qm - INFO     - Sending program to QOP for compilation
2024-10-23 07:24:23,148 - qm - INFO     - Executing program
2024-10-23 07:24:25,829 - qm - INFO     - Sending program to QOP for compilation
2024-10-23 07:24:26,075 - qm - INFO     - Executing program
2024-10-23 07:24:28,253 - qm - INFO     - Sending program to QOP for compilation
2024-10-23 07:24:28,432 - qm - INFO     - Executing program
2024-10-23 07:24:31,107 - qm - INFO     - Sending program to QOP for compilation
2024-10-23 07:24:31,482 - qm - INFO     - Executing program
2024-10-23 07:24:34,554 - qm - INFO     - Sending program to QOP for compilation
2024-10-23 07:24:34,799 - qm - INFO     - Executing program
2024-10-23 07:24:37,167 - qm - INFO     - Sending program to QOP for compilation
2024-10-23 07:24:37,361 - qm - INFO     - Executing program
2024-10-23 07:24:40,624 - qm - INFO     - Sending program to QOP for compilation
2024-10-23 07:24:40,882 - qm - INFO     - Executing program
2024-10-23 07:24:44,067 - qm - INFO     - Sending program to QOP for compilation
2024-10-23 07:24:44,320 - qm - INFO     - Executing program
2024-10-23 07:24:46,557 - qm - INFO     - Sending program to QOP for compilation
2024-10-23 07:24:46,815 - qm - INFO     - Executing program
2024-10-23 07:24:49,770 - qm - INFO     - Sending program to QOP for compilation
2024-10-23 07:24:49,981 - qm - INFO     - Executing program
