2024-10-23 09:55:49,427 - qm - INFO     - Starting session: 84ac7ff1-95f4-4d7f-b6fb-fc5a1b9a7f35
2024-10-23 09:55:52,126 - qm - INFO     - Octave "octave2" Health check passed, current temperature 60
2024-10-23 09:55:52,858 - qm - INFO     - Octave "octave3" Health check passed, current temperature 57
2024-10-23 09:55:53,591 - qm - INFO     - Octave "octave4" Health check passed, current temperature 58
2024-10-23 09:55:54,324 - qm - INFO     - Octave "octave5" Health check passed, current temperature 59
2024-10-23 09:55:55,061 - qm - INFO     - Octave "octave6" Health check passed, current temperature 58
2024-10-23 09:55:55,061 - qm - INFO     - Performing health check
2024-10-23 09:55:55,081 - qm - WARNING  - Health check warning: Inter-OPX connectivity issues in OPX: con1. Missing ports are: 12, 11, 10, 9. See QM-App for more info.
2024-10-23 09:55:55,081 - qm - WARNING  - Health check warning: Inter-OPX connectivity issues in OPX: con2. Missing ports are: 12, 11, 10, 9. See QM-App for more info.
2024-10-23 09:55:55,081 - qm - WARNING  - Health check warning: Inter-OPX connectivity issues in OPX: con3. Missing ports are: 12, 11, 10, 9. See QM-App for more info.
2024-10-23 09:55:55,081 - qm - WARNING  - Health check warning: Inter-OPX connectivity issues in OPX: con4. Missing ports are: 12, 11, 10, 9. See QM-App for more info.
2024-10-23 09:55:55,081 - qm - WARNING  - Health check warning: Inter-OPX connectivity issues in OPX: con5. Missing ports are: 12, 11, 10, 9. See QM-App for more info.
2024-10-23 09:55:55,081 - qm - WARNING  - Health check warning: Inter-OPX connectivity issues in OPX: con6. Missing ports are: 12, 11, 10, 9. See QM-App for more info.
2024-10-23 09:55:55,081 - qm - WARNING  - Health check warning: Inter-OPX connectivity issues in OPX: con7. Missing ports are: 12, 11, 10, 9. See QM-App for more info.
2024-10-23 09:55:55,081 - qm - WARNING  - Health check warning: Inter-OPX connectivity issues in OPX: con8. Missing ports are: 12, 11, 10, 9. See QM-App for more info.
2024-10-23 09:55:55,081 - qm - WARNING  - Health check warning: Inter-OPX connectivity issues in OPX: con9. Missing ports are: 12, 11, 10, 9. See QM-App for more info.
2024-10-23 09:55:55,081 - qm - INFO     - Health check passed
Connected to: Rohde&Schwarz SGS100A (serial:1416.0505k02/114167, firmware:4.2.76.0-4.30.046.295) in 0.18s
Connected to: Rohde&Schwarz SGS100A (serial:1416.0505k02/114164, firmware:4.2.76.0-4.30.046.295) in 0.14s
2024-10-23 09:55:59,354 - qm - INFO     - Sending program to QOP for compilation
2024-10-23 09:56:00,546 - qm - WARNING  - pulse 'readout(1000, 0.001, Rectangular())' used in measure is not part of element 'readoutD3' operations
2024-10-23 09:56:00,546 - qm - WARNING  - pulse 'readout(2000, 0.001, Rectangular())' used in measure is not part of element 'readoutA2' operations
2024-10-23 09:56:00,546 - qm - WARNING  - pulse 'readout(2000, 0.001, Rectangular())' used in measure is not part of element 'readoutA3' operations
2024-10-23 09:56:00,546 - qm - WARNING  - pulse 'readout(2000, 0.001, Rectangular())' used in measure is not part of element 'readoutA4' operations
2024-10-23 09:56:00,547 - qm - WARNING  - pulse 'readout(2000, 0.001, Rectangular())' used in measure is not part of element 'readoutA5' operations
2024-10-23 09:56:00,547 - qm - WARNING  - pulse 'readout(2000, 0.001, Rectangular())' used in measure is not part of element 'readoutA6' operations
2024-10-23 09:56:00,547 - qm - WARNING  - pulse 'readout(2000, 0.001, Rectangular())' used in measure is not part of element 'readoutB1' operations
2024-10-23 09:56:00,547 - qm - WARNING  - pulse 'readout(2000, 0.001, Rectangular())' used in measure is not part of element 'readoutB2' operations
2024-10-23 09:56:00,547 - qm - WARNING  - pulse 'readout(2000, 0.001, Rectangular())' used in measure is not part of element 'readoutB3' operations
2024-10-23 09:56:00,547 - qm - WARNING  - pulse 'readout(2000, 0.001, Rectangular())' used in measure is not part of element 'readoutB4' operations
2024-10-23 09:56:00,547 - qm - WARNING  - pulse 'readout(2000, 0.001, Rectangular())' used in measure is not part of element 'readoutB5' operations
2024-10-23 09:56:00,547 - qm - WARNING  - pulse 'readout(2000, 0.001, Rectangular())' used in measure is not part of element 'readoutD4' operations
2024-10-23 09:56:00,547 - qm - WARNING  - pulse 'readout(2000, 0.001, Rectangular())' used in measure is not part of element 'readoutD5' operations
2024-10-23 09:56:00,547 - qm - WARNING  - pulse 'readout(1000, 0.001, Rectangular())' used in measure is not part of element 'readoutD3' operations
2024-10-23 09:56:00,547 - qm - WARNING  - pulse 'readout(2000, 0.001, Rectangular())' used in measure is not part of element 'readoutA2' operations
2024-10-23 09:56:00,547 - qm - WARNING  - pulse 'readout(2000, 0.001, Rectangular())' used in measure is not part of element 'readoutA3' operations
2024-10-23 09:56:00,547 - qm - WARNING  - pulse 'readout(2000, 0.001, Rectangular())' used in measure is not part of element 'readoutA4' operations
2024-10-23 09:56:00,547 - qm - WARNING  - pulse 'readout(2000, 0.001, Rectangular())' used in measure is not part of element 'readoutA5' operations
2024-10-23 09:56:00,547 - qm - WARNING  - pulse 'readout(2000, 0.001, Rectangular())' used in measure is not part of element 'readoutA6' operations
2024-10-23 09:56:00,547 - qm - WARNING  - pulse 'readout(2000, 0.001, Rectangular())' used in measure is not part of element 'readoutB1' operations
2024-10-23 09:56:00,547 - qm - WARNING  - pulse 'readout(2000, 0.001, Rectangular())' used in measure is not part of element 'readoutB2' operations
2024-10-23 09:56:00,547 - qm - WARNING  - pulse 'readout(2000, 0.001, Rectangular())' used in measure is not part of element 'readoutB3' operations
2024-10-23 09:56:00,547 - qm - WARNING  - pulse 'readout(2000, 0.001, Rectangular())' used in measure is not part of element 'readoutB4' operations
2024-10-23 09:56:00,547 - qm - WARNING  - pulse 'readout(2000, 0.001, Rectangular())' used in measure is not part of element 'readoutB5' operations
2024-10-23 09:56:00,547 - qm - WARNING  - pulse 'readout(2000, 0.001, Rectangular())' used in measure is not part of element 'readoutD4' operations
2024-10-23 09:56:00,547 - qm - WARNING  - pulse 'readout(2000, 0.001, Rectangular())' used in measure is not part of element 'readoutD5' operations
2024-10-23 09:56:00,755 - qm - INFO     - Executing program
2024-10-23 09:56:07,394 - qm - INFO     - Sending program to QOP for compilation
2024-10-23 09:56:08,790 - qm - WARNING  - pulse 'readout(1000, 0.001, Rectangular())' used in measure is not part of element 'readoutD3' operations
2024-10-23 09:56:08,791 - qm - WARNING  - pulse 'readout(2000, 0.001, Rectangular())' used in measure is not part of element 'readoutA2' operations
2024-10-23 09:56:08,791 - qm - WARNING  - pulse 'readout(2000, 0.001, Rectangular())' used in measure is not part of element 'readoutA3' operations
2024-10-23 09:56:08,791 - qm - WARNING  - pulse 'readout(2000, 0.001, Rectangular())' used in measure is not part of element 'readoutA4' operations
2024-10-23 09:56:08,791 - qm - WARNING  - pulse 'readout(2000, 0.001, Rectangular())' used in measure is not part of element 'readoutA5' operations
2024-10-23 09:56:08,791 - qm - WARNING  - pulse 'readout(2000, 0.001, Rectangular())' used in measure is not part of element 'readoutA6' operations
2024-10-23 09:56:08,791 - qm - WARNING  - pulse 'readout(2000, 0.001, Rectangular())' used in measure is not part of element 'readoutB1' operations
2024-10-23 09:56:08,791 - qm - WARNING  - pulse 'readout(2000, 0.001, Rectangular())' used in measure is not part of element 'readoutB2' operations
2024-10-23 09:56:08,791 - qm - WARNING  - pulse 'readout(2000, 0.001, Rectangular())' used in measure is not part of element 'readoutB3' operations
2024-10-23 09:56:08,791 - qm - WARNING  - pulse 'readout(2000, 0.001, Rectangular())' used in measure is not part of element 'readoutB4' operations
2024-10-23 09:56:08,791 - qm - WARNING  - pulse 'readout(2000, 0.001, Rectangular())' used in measure is not part of element 'readoutB5' operations
2024-10-23 09:56:08,791 - qm - WARNING  - pulse 'readout(2000, 0.001, Rectangular())' used in measure is not part of element 'readoutD4' operations
2024-10-23 09:56:08,791 - qm - WARNING  - pulse 'readout(2000, 0.001, Rectangular())' used in measure is not part of element 'readoutD5' operations
2024-10-23 09:56:08,791 - qm - WARNING  - pulse 'readout(1000, 0.001, Rectangular())' used in measure is not part of element 'readoutD3' operations
2024-10-23 09:56:08,791 - qm - WARNING  - pulse 'readout(2000, 0.001, Rectangular())' used in measure is not part of element 'readoutA2' operations
2024-10-23 09:56:08,791 - qm - WARNING  - pulse 'readout(2000, 0.001, Rectangular())' used in measure is not part of element 'readoutA3' operations
2024-10-23 09:56:08,791 - qm - WARNING  - pulse 'readout(2000, 0.001, Rectangular())' used in measure is not part of element 'readoutA4' operations
2024-10-23 09:56:08,792 - qm - WARNING  - pulse 'readout(2000, 0.001, Rectangular())' used in measure is not part of element 'readoutA5' operations
2024-10-23 09:56:08,792 - qm - WARNING  - pulse 'readout(2000, 0.001, Rectangular())' used in measure is not part of element 'readoutA6' operations
2024-10-23 09:56:08,792 - qm - WARNING  - pulse 'readout(2000, 0.001, Rectangular())' used in measure is not part of element 'readoutB1' operations
2024-10-23 09:56:08,792 - qm - WARNING  - pulse 'readout(2000, 0.001, Rectangular())' used in measure is not part of element 'readoutB2' operations
2024-10-23 09:56:08,792 - qm - WARNING  - pulse 'readout(2000, 0.001, Rectangular())' used in measure is not part of element 'readoutB3' operations
2024-10-23 09:56:08,792 - qm - WARNING  - pulse 'readout(2000, 0.001, Rectangular())' used in measure is not part of element 'readoutB4' operations
2024-10-23 09:56:08,792 - qm - WARNING  - pulse 'readout(2000, 0.001, Rectangular())' used in measure is not part of element 'readoutB5' operations
2024-10-23 09:56:08,792 - qm - WARNING  - pulse 'readout(2000, 0.001, Rectangular())' used in measure is not part of element 'readoutD4' operations
2024-10-23 09:56:08,792 - qm - WARNING  - pulse 'readout(2000, 0.001, Rectangular())' used in measure is not part of element 'readoutD5' operations
2024-10-23 09:56:08,984 - qm - INFO     - Executing program
2024-10-23 09:56:15,934 - qm - INFO     - Sending program to QOP for compilation
2024-10-23 09:56:17,356 - qm - ERROR    - Unexpected error: Failed to compile job
2024-10-23 09:56:17,356 - qm - WARNING  - pulse 'drive(40, 0.05, Gaussian(5))' used in play is not part of element 'driveA2' operations
2024-10-23 09:56:17,356 - qm - WARNING  - pulse 'drive(40, 0.05, Gaussian(5))' used in play is not part of element 'driveA3' operations
2024-10-23 09:56:17,356 - qm - WARNING  - pulse 'drive(40, 0.05, Gaussian(5))' used in play is not part of element 'driveA4' operations
2024-10-23 09:56:17,356 - qm - WARNING  - pulse 'drive(40, 0.05, Gaussian(5))' used in play is not part of element 'driveA5' operations
2024-10-23 09:56:17,356 - qm - WARNING  - pulse 'drive(40, 0.05, Gaussian(5))' used in play is not part of element 'driveA6' operations
2024-10-23 09:56:17,356 - qm - WARNING  - pulse 'drive(40, 0.05, Gaussian(5))' used in play is not part of element 'driveB2' operations
2024-10-23 09:56:17,356 - qm - WARNING  - pulse 'drive(40, 0.066, Gaussian(5))' used in play is not part of element 'driveB4' operations
2024-10-23 09:56:17,356 - qm - WARNING  - pulse 'readout(1000, 0.001, Rectangular())' used in measure is not part of element 'readoutD3' operations
2024-10-23 09:56:17,356 - qm - WARNING  - pulse 'readout(2000, 0.001, Rectangular())' used in measure is not part of element 'readoutA2' operations
2024-10-23 09:56:17,356 - qm - WARNING  - pulse 'readout(2000, 0.001, Rectangular())' used in measure is not part of element 'readoutA3' operations
2024-10-23 09:56:17,356 - qm - WARNING  - pulse 'readout(2000, 0.001, Rectangular())' used in measure is not part of element 'readoutA4' operations
2024-10-23 09:56:17,356 - qm - WARNING  - pulse 'readout(2000, 0.001, Rectangular())' used in measure is not part of element 'readoutA5' operations
2024-10-23 09:56:17,356 - qm - WARNING  - pulse 'readout(2000, 0.001, Rectangular())' used in measure is not part of element 'readoutA6' operations
2024-10-23 09:56:17,356 - qm - WARNING  - pulse 'readout(2000, 0.001, Rectangular())' used in measure is not part of element 'readoutB1' operations
2024-10-23 09:56:17,356 - qm - WARNING  - pulse 'readout(2000, 0.001, Rectangular())' used in measure is not part of element 'readoutB2' operations
2024-10-23 09:56:17,356 - qm - WARNING  - pulse 'readout(2000, 0.001, Rectangular())' used in measure is not part of element 'readoutB3' operations
2024-10-23 09:56:17,356 - qm - WARNING  - pulse 'readout(2000, 0.001, Rectangular())' used in measure is not part of element 'readoutB4' operations
2024-10-23 09:56:17,356 - qm - WARNING  - pulse 'readout(2000, 0.001, Rectangular())' used in measure is not part of element 'readoutB5' operations
2024-10-23 09:56:17,356 - qm - WARNING  - pulse 'readout(2000, 0.001, Rectangular())' used in measure is not part of element 'readoutD4' operations
2024-10-23 09:56:17,356 - qm - WARNING  - pulse 'readout(2000, 0.001, Rectangular())' used in measure is not part of element 'readoutD5' operations
2024-10-23 09:56:17,356 - qm - WARNING  - pulse 'readout(1000, 0.001, Rectangular())' used in measure is not part of element 'readoutD3' operations
2024-10-23 09:56:17,356 - qm - WARNING  - pulse 'readout(2000, 0.001, Rectangular())' used in measure is not part of element 'readoutA2' operations
2024-10-23 09:56:17,356 - qm - WARNING  - pulse 'readout(2000, 0.001, Rectangular())' used in measure is not part of element 'readoutA3' operations
2024-10-23 09:56:17,356 - qm - WARNING  - pulse 'readout(2000, 0.001, Rectangular())' used in measure is not part of element 'readoutA4' operations
2024-10-23 09:56:17,356 - qm - WARNING  - pulse 'readout(2000, 0.001, Rectangular())' used in measure is not part of element 'readoutA5' operations
2024-10-23 09:56:17,356 - qm - WARNING  - pulse 'readout(2000, 0.001, Rectangular())' used in measure is not part of element 'readoutA6' operations
2024-10-23 09:56:17,356 - qm - WARNING  - pulse 'readout(2000, 0.001, Rectangular())' used in measure is not part of element 'readoutB1' operations
2024-10-23 09:56:17,356 - qm - WARNING  - pulse 'readout(2000, 0.001, Rectangular())' used in measure is not part of element 'readoutB2' operations
2024-10-23 09:56:17,356 - qm - WARNING  - pulse 'readout(2000, 0.001, Rectangular())' used in measure is not part of element 'readoutB3' operations
2024-10-23 09:56:17,356 - qm - WARNING  - pulse 'readout(2000, 0.001, Rectangular())' used in measure is not part of element 'readoutB4' operations
2024-10-23 09:56:17,356 - qm - WARNING  - pulse 'readout(2000, 0.001, Rectangular())' used in measure is not part of element 'readoutB5' operations
2024-10-23 09:56:17,356 - qm - WARNING  - pulse 'readout(2000, 0.001, Rectangular())' used in measure is not part of element 'readoutD4' operations
2024-10-23 09:56:17,356 - qm - WARNING  - pulse 'readout(2000, 0.001, Rectangular())' used in measure is not part of element 'readoutD5' operations
2024-10-23 09:56:17,356 - qm - ERROR    - Failed to allocate resources
2024-10-23 09:56:17,356 - qm - ERROR    - Job 1724741870954 failed. Failed to execute program.
Traceback (most recent call last):
  File "/nfs/users/elisa.stabilini/calibration/bin/qq", line 8, in <module>
    sys.exit(command())
  File "/nfs/users/elisa.stabilini/calibration/lib/python3.10/site-packages/click/core.py", line 1157, in __call__
    return self.main(*args, **kwargs)
  File "/nfs/users/elisa.stabilini/calibration/lib/python3.10/site-packages/click/core.py", line 1078, in main
    rv = self.invoke(ctx)
  File "/nfs/users/elisa.stabilini/calibration/lib/python3.10/site-packages/click/core.py", line 1688, in invoke
    return _process_result(sub_ctx.command.invoke(sub_ctx))
  File "/nfs/users/elisa.stabilini/calibration/lib/python3.10/site-packages/click/core.py", line 1434, in invoke
    return ctx.invoke(self.callback, **ctx.params)
  File "/nfs/users/elisa.stabilini/calibration/lib/python3.10/site-packages/click/core.py", line 783, in invoke
    return __callback(*args, **kwargs)
  File "/nfs/users/elisa.stabilini/qibocal/src/qibocal/cli/_base.py", line 75, in auto
    autocalibrate(runcard, folder, force, update)
  File "/nfs/users/elisa.stabilini/qibocal/src/qibocal/cli/autocalibration.py", line 42, in autocalibrate
    history = runcard.run(
  File "/nfs/users/elisa.stabilini/qibocal/src/qibocal/auto/runcard.py", line 63, in run
    instance.run_protocol(
  File "/nfs/users/elisa.stabilini/qibocal/src/qibocal/auto/execute.py", line 131, in run_protocol
    completed = task.run(platform=self.platform, targets=self.targets, mode=mode)
  File "/nfs/users/elisa.stabilini/qibocal/src/qibocal/auto/task.py", line 149, in run
    completed.data, completed.data_time = operation.acquisition(
  File "/nfs/users/elisa.stabilini/qibocal/src/qibocal/auto/operation.py", line 42, in wrapper
    out = func(*args, **kwds)
  File "/nfs/users/elisa.stabilini/qibocal/src/qibocal/protocols/readout_characterization.py", line 113, in _acquisition
    results = platform.execute_pulse_sequence(
  File "/nfs/users/elisa.stabilini/calibration/lib/python3.10/site-packages/qibolab/platform/platform.py", line 196, in execute_pulse_sequence
    return self._execute(sequence, options, **kwargs)
  File "/nfs/users/elisa.stabilini/calibration/lib/python3.10/site-packages/qibolab/platform/platform.py", line 170, in _execute
    new_result = instrument.play(
  File "/nfs/users/elisa.stabilini/calibration/lib/python3.10/site-packages/qibolab/instruments/qm/controller.py", line 355, in play
    return self.sweep(qubits, couplers, sequence, options)
  File "/nfs/users/elisa.stabilini/calibration/lib/python3.10/site-packages/qibolab/instruments/qm/controller.py", line 402, in sweep
    result = self.execute_program(experiment)
  File "/nfs/users/elisa.stabilini/calibration/lib/python3.10/site-packages/qibolab/instruments/qm/controller.py", line 289, in execute_program
    return machine.execute(program)
  File "/nfs/users/elisa.stabilini/calibration/lib/python3.10/site-packages/qm/QuantumMachine.py", line 236, in execute
    pending_job = self._queue.add(program, standardized_compiler_options)
  File "/nfs/users/elisa.stabilini/calibration/lib/python3.10/site-packages/qm/jobs/job_queue.py", line 77, in add
    job = self._insert(program, InsertDirection.end, compiler_options)
  File "/nfs/users/elisa.stabilini/calibration/lib/python3.10/site-packages/qm/jobs/job_queue.py", line 145, in _insert
    job_id = self._frontend.add_to_queue(
  File "/nfs/users/elisa.stabilini/calibration/lib/python3.10/site-packages/qm/api/base_api.py", line 28, in wrapped
    return func(*args, **kwargs)
  File "/nfs/users/elisa.stabilini/calibration/lib/python3.10/site-packages/qm/api/frontend_api.py", line 217, in add_to_queue
    raise FailedToAddJobToQueueException(f"Job {job_id} failed. Failed to execute program.")
qm.exceptions.FailedToAddJobToQueueException: Job 1724741870954 failed. Failed to execute program.
