2024-10-23 07:39:47,117 - qm - INFO     - Starting session: 1c77b11c-0f34-4cad-a02b-d725bb85db7f
2024-10-23 07:39:50,102 - qm - INFO     - Octave "octave2" Health check passed, current temperature 60
2024-10-23 07:39:51,284 - qm - INFO     - Octave "octave3" Health check passed, current temperature 57
2024-10-23 07:39:52,166 - qm - INFO     - Octave "octave4" Health check passed, current temperature 58
2024-10-23 07:39:52,899 - qm - INFO     - Octave "octave5" Health check passed, current temperature 59
2024-10-23 07:39:53,637 - qm - INFO     - Octave "octave6" Health check passed, current temperature 58
2024-10-23 07:39:53,637 - qm - INFO     - Performing health check
2024-10-23 07:39:53,660 - qm - WARNING  - Health check warning: Inter-OPX connectivity issues in OPX: con1. Missing ports are: 12, 11, 10, 9. See QM-App for more info.
2024-10-23 07:39:53,660 - qm - WARNING  - Health check warning: Inter-OPX connectivity issues in OPX: con2. Missing ports are: 12, 11, 10, 9. See QM-App for more info.
2024-10-23 07:39:53,660 - qm - WARNING  - Health check warning: Inter-OPX connectivity issues in OPX: con3. Missing ports are: 12, 11, 10, 9. See QM-App for more info.
2024-10-23 07:39:53,660 - qm - WARNING  - Health check warning: Inter-OPX connectivity issues in OPX: con4. Missing ports are: 12, 11, 10, 9. See QM-App for more info.
2024-10-23 07:39:53,660 - qm - WARNING  - Health check warning: Inter-OPX connectivity issues in OPX: con5. Missing ports are: 12, 11, 10, 9. See QM-App for more info.
2024-10-23 07:39:53,660 - qm - WARNING  - Health check warning: Inter-OPX connectivity issues in OPX: con6. Missing ports are: 12, 11, 10, 9. See QM-App for more info.
2024-10-23 07:39:53,660 - qm - WARNING  - Health check warning: Inter-OPX connectivity issues in OPX: con7. Missing ports are: 12, 11, 10, 9. See QM-App for more info.
2024-10-23 07:39:53,660 - qm - WARNING  - Health check warning: Inter-OPX connectivity issues in OPX: con8. Missing ports are: 12, 11, 10, 9. See QM-App for more info.
2024-10-23 07:39:53,660 - qm - WARNING  - Health check warning: Inter-OPX connectivity issues in OPX: con9. Missing ports are: 12, 11, 10, 9. See QM-App for more info.
2024-10-23 07:39:53,660 - qm - INFO     - Health check passed
Connected to: Rohde&Schwarz SGS100A (serial:1416.0505k02/114167, firmware:4.2.76.0-4.30.046.295) in 0.19s
Connected to: Rohde&Schwarz SGS100A (serial:1416.0505k02/114164, firmware:4.2.76.0-4.30.046.295) in 0.14s
Traceback (most recent call last):
  File "/nfs/users/elisa.stabilini/calibration/bin/qq", line 8, in <module>
    sys.exit(command())
  File "/nfs/users/elisa.stabilini/calibration/lib/python3.10/site-packages/click/core.py", line 1157, in __call__
    return self.main(*args, **kwargs)
  File "/nfs/users/elisa.stabilini/calibration/lib/python3.10/site-packages/click/core.py", line 1078, in main
    rv = self.invoke(ctx)
  File "/nfs/users/elisa.stabilini/calibration/lib/python3.10/site-packages/click/core.py", line 1688, in invoke
    return _process_result(sub_ctx.command.invoke(sub_ctx))
  File "/nfs/users/elisa.stabilini/calibration/lib/python3.10/site-packages/click/core.py", line 1434, in invoke
    return ctx.invoke(self.callback, **ctx.params)
  File "/nfs/users/elisa.stabilini/calibration/lib/python3.10/site-packages/click/core.py", line 783, in invoke
    return __callback(*args, **kwargs)
  File "/nfs/users/elisa.stabilini/qibocal/src/qibocal/cli/_base.py", line 75, in auto
    autocalibrate(runcard, folder, force, update)
  File "/nfs/users/elisa.stabilini/qibocal/src/qibocal/cli/autocalibration.py", line 42, in autocalibrate
    history = runcard.run(
  File "/nfs/users/elisa.stabilini/qibocal/src/qibocal/auto/runcard.py", line 63, in run
    instance.run_protocol(
  File "/nfs/users/elisa.stabilini/qibocal/src/qibocal/auto/execute.py", line 128, in run_protocol
    task = Task(action=parameters, operation=protocol)
  File "<string>", line 5, in __init__
  File "/nfs/users/elisa.stabilini/qibocal/src/qibocal/auto/task.py", line 86, in __post_init__
    self.operation.parameters_type.load(self.action.parameters)
  File "/nfs/users/elisa.stabilini/qibocal/src/qibocal/auto/operation.py", line 99, in load
    instantiated_class = cls(**parameters)
TypeError: T2Parameters.__init__() got an unexpected keyword argument 'detuning'
