2024-10-21 16:33:44,722 - qm - INFO     - Starting session: 013716a4-9f6b-426c-b1ad-6611e5310214
2024-10-21 16:33:47,697 - qm - INFO     - Octave "octave2" Health check passed, current temperature 60
2024-10-21 16:33:48,711 - qm - INFO     - Octave "octave3" Health check passed, current temperature 57
2024-10-21 16:33:49,665 - qm - INFO     - Octave "octave4" Health check passed, current temperature 58
2024-10-21 16:33:50,812 - qm - INFO     - Octave "octave5" Health check passed, current temperature 59
2024-10-21 16:33:51,546 - qm - INFO     - Octave "octave6" Health check passed, current temperature 58
2024-10-21 16:33:51,546 - qm - INFO     - Performing health check
2024-10-21 16:33:51,566 - qm - WARNING  - Health check warning: Inter-OPX connectivity issues in OPX: con1. Missing ports are: 12, 11, 10, 9. See QM-App for more info.
2024-10-21 16:33:51,566 - qm - WARNING  - Health check warning: Inter-OPX connectivity issues in OPX: con2. Missing ports are: 12, 11, 10, 9. See QM-App for more info.
2024-10-21 16:33:51,566 - qm - WARNING  - Health check warning: Inter-OPX connectivity issues in OPX: con3. Missing ports are: 12, 11, 10, 9. See QM-App for more info.
2024-10-21 16:33:51,566 - qm - WARNING  - Health check warning: Inter-OPX connectivity issues in OPX: con4. Missing ports are: 12, 11, 10, 9. See QM-App for more info.
2024-10-21 16:33:51,567 - qm - WARNING  - Health check warning: Inter-OPX connectivity issues in OPX: con5. Missing ports are: 12, 11, 10, 9. See QM-App for more info.
2024-10-21 16:33:51,567 - qm - WARNING  - Health check warning: Inter-OPX connectivity issues in OPX: con6. Missing ports are: 12, 11, 10, 9. See QM-App for more info.
2024-10-21 16:33:51,567 - qm - WARNING  - Health check warning: Inter-OPX connectivity issues in OPX: con7. Missing ports are: 12, 11, 10, 9. See QM-App for more info.
2024-10-21 16:33:51,567 - qm - WARNING  - Health check warning: Inter-OPX connectivity issues in OPX: con8. Missing ports are: 12, 11, 10, 9. See QM-App for more info.
2024-10-21 16:33:51,567 - qm - WARNING  - Health check warning: Inter-OPX connectivity issues in OPX: con9. Missing ports are: 12, 11, 10, 9. See QM-App for more info.
2024-10-21 16:33:51,567 - qm - INFO     - Health check passed
Connected to: Rohde&Schwarz SGS100A (serial:1416.0505k02/114167, firmware:4.2.76.0-4.30.046.295) in 0.19s
Connected to: Rohde&Schwarz SGS100A (serial:1416.0505k02/114164, firmware:4.2.76.0-4.30.046.295) in 0.16s
2024-10-21 16:33:54,330 - qm - INFO     - Sending program to QOP for compilation
2024-10-21 16:33:54,559 - qm - INFO     - Executing program
/nfs/users/elisa.stabilini/calibration/lib/python3.10/site-packages/scipy/optimize/_minpack_py.py:975: RuntimeWarning: divide by zero encountered in divide
  transform = 1.0 / sigma
