[Qibo 0.2.12|INFO|2024-10-01 10:20:58]: Loading platform dummy
2024-10-01 10:20:59,127 - qm - INFO     - Starting session: db15346c-d552-4cf2-954f-71d06cf40b52
2024-10-01 10:21:01,532 - qm - INFO     - Octave "octave2" Health check passed, current temperature 60
2024-10-01 10:21:02,453 - qm - INFO     - Octave "octave3" Health check passed, current temperature 57
2024-10-01 10:21:03,202 - qm - INFO     - Octave "octave4" Health check passed, current temperature 58
2024-10-01 10:21:03,986 - qm - INFO     - Octave "octave5" Health check passed, current temperature 59
2024-10-01 10:21:05,023 - qm - INFO     - Octave "octave6" Health check passed, current temperature 58
2024-10-01 10:21:05,023 - qm - INFO     - Performing health check
2024-10-01 10:21:05,043 - qm - WARNING  - Health check warning: Inter-OPX connectivity issues in OPX: con1. Missing ports are: 12, 11, 10, 9. See QM-App for more info.
2024-10-01 10:21:05,044 - qm - WARNING  - Health check warning: Inter-OPX connectivity issues in OPX: con2. Missing ports are: 12, 11, 10, 9. See QM-App for more info.
2024-10-01 10:21:05,044 - qm - WARNING  - Health check warning: Inter-OPX connectivity issues in OPX: con3. Missing ports are: 12, 11, 10, 9. See QM-App for more info.
2024-10-01 10:21:05,044 - qm - WARNING  - Health check warning: Inter-OPX connectivity issues in OPX: con4. Missing ports are: 12, 11, 10, 9. See QM-App for more info.
2024-10-01 10:21:05,044 - qm - WARNING  - Health check warning: Inter-OPX connectivity issues in OPX: con5. Missing ports are: 12, 11, 10, 9. See QM-App for more info.
2024-10-01 10:21:05,044 - qm - WARNING  - Health check warning: Inter-OPX connectivity issues in OPX: con6. Missing ports are: 12, 11, 10, 9. See QM-App for more info.
2024-10-01 10:21:05,044 - qm - WARNING  - Health check warning: Inter-OPX connectivity issues in OPX: con7. Missing ports are: 12, 11, 10, 9. See QM-App for more info.
2024-10-01 10:21:05,044 - qm - WARNING  - Health check warning: Inter-OPX connectivity issues in OPX: con8. Missing ports are: 12, 11, 10, 9. See QM-App for more info.
2024-10-01 10:21:05,044 - qm - WARNING  - Health check warning: Inter-OPX connectivity issues in OPX: con9. Missing ports are: 12, 11, 10, 9. See QM-App for more info.
2024-10-01 10:21:05,044 - qm - INFO     - Health check passed
Connected to: Rohde&Schwarz SGS100A (serial:1416.0505k02/114167, firmware:4.2.76.0-4.30.046.295) in 0.17s
Connected to: Rohde&Schwarz SGS100A (serial:1416.0505k02/114164, firmware:4.2.76.0-4.30.046.295) in 0.14s
2024-10-01 10:21:07,454 - qm - INFO     - Sending program to QOP for compilation
2024-10-01 10:21:07,671 - qm - INFO     - Executing program
slurmstepd-fahid: error: *** JOB 558846 ON fahid CANCELLED AT 2024-10-01T11:11:33 ***
