[Qibo 0.2.12|INFO|2024-10-04 08:25:23]: Loading platform dummy
2024-10-04 08:25:24,424 - qm - INFO     - Starting session: b0daf4c3-9864-4647-b136-910922b33117
2024-10-04 08:25:26,071 - qm - INFO     - Octave "octave2" Health check passed, current temperature 60
2024-10-04 08:25:26,807 - qm - INFO     - Octave "octave3" Health check passed, current temperature 57
2024-10-04 08:25:27,542 - qm - INFO     - Octave "octave4" Health check passed, current temperature 58
2024-10-04 08:25:28,880 - qm - INFO     - Octave "octave5" Health check passed, current temperature 59
2024-10-04 08:25:29,888 - qm - INFO     - Octave "octave6" Health check passed, current temperature 58
2024-10-04 08:25:29,888 - qm - INFO     - Performing health check
2024-10-04 08:25:29,910 - qm - WARNING  - Health check warning: Inter-OPX connectivity issues in OPX: con1. Missing ports are: 12, 11, 10, 9. See QM-App for more info.
2024-10-04 08:25:29,910 - qm - WARNING  - Health check warning: Inter-OPX connectivity issues in OPX: con2. Missing ports are: 12, 11, 10, 9. See QM-App for more info.
2024-10-04 08:25:29,910 - qm - WARNING  - Health check warning: Inter-OPX connectivity issues in OPX: con3. Missing ports are: 12, 11, 10, 9. See QM-App for more info.
2024-10-04 08:25:29,910 - qm - WARNING  - Health check warning: Inter-OPX connectivity issues in OPX: con4. Missing ports are: 12, 11, 10, 9. See QM-App for more info.
2024-10-04 08:25:29,910 - qm - WARNING  - Health check warning: Inter-OPX connectivity issues in OPX: con5. Missing ports are: 12, 11, 10, 9. See QM-App for more info.
2024-10-04 08:25:29,910 - qm - WARNING  - Health check warning: Inter-OPX connectivity issues in OPX: con6. Missing ports are: 12, 11, 10, 9. See QM-App for more info.
2024-10-04 08:25:29,910 - qm - WARNING  - Health check warning: Inter-OPX connectivity issues in OPX: con7. Missing ports are: 12, 11, 10, 9. See QM-App for more info.
2024-10-04 08:25:29,910 - qm - WARNING  - Health check warning: Inter-OPX connectivity issues in OPX: con8. Missing ports are: 12, 11, 10, 9. See QM-App for more info.
2024-10-04 08:25:29,910 - qm - WARNING  - Health check warning: Inter-OPX connectivity issues in OPX: con9. Missing ports are: 12, 11, 10, 9. See QM-App for more info.
2024-10-04 08:25:29,910 - qm - INFO     - Health check passed
Connected to: Rohde&Schwarz SGS100A (serial:1416.0505k02/114167, firmware:4.2.76.0-4.30.046.295) in 0.18s
Connected to: Rohde&Schwarz SGS100A (serial:1416.0505k02/114164, firmware:4.2.76.0-4.30.046.295) in 0.14s
2024-10-04 08:25:32,865 - qm - INFO     - Sending program to QOP for compilation
2024-10-04 08:25:33,126 - qm - INFO     - Executing program
Traceback (most recent call last):
  File "/nfs/users/elisa.stabilini/cal_qw11q/manual_cal/D3_mask/qubit_spectroscopy.py", line 15, in <module>
    qubit_spectroscopy = e.qubit_spectroscopy(
  File "/nfs/users/elisa.stabilini/qibocal/src/qibocal/auto/execute.py", line 226, in wrapper
    return self.run_protocol(protocol, parameters=action, mode=mode)
  File "/nfs/users/elisa.stabilini/qibocal/src/qibocal/auto/execute.py", line 131, in run_protocol
    completed = task.run(platform=self.platform, targets=self.targets, mode=mode)
  File "/nfs/users/elisa.stabilini/qibocal/src/qibocal/auto/task.py", line 160, in run
    completed.results, completed.results_time = operation.fit(completed.data)
  File "/nfs/users/elisa.stabilini/qibocal/src/qibocal/auto/operation.py", line 42, in wrapper
    out = func(*args, **kwds)
  File "/nfs/users/elisa.stabilini/qibocal/src/qibocal/protocols/qubit_spectroscopy.py", line 130, in _fit
    fit_result = lorentzian_fit(
  File "/nfs/users/elisa.stabilini/qibocal/src/qibocal/protocols/utils.py", line 169, in lorentzian_fit
    fit_parameters, perr = curve_fit(
  File "/nfs/users/elisa.stabilini/my_calibration/lib/python3.10/site-packages/scipy/optimize/_minpack_py.py", line 1005, in curve_fit
    raise TypeError(f"The number of func parameters={n} must not"
TypeError: The number of func parameters=4 must not exceed the number of data points=3
