[Qibo 0.2.12|INFO|2024-10-02 05:46:25]: Loading platform dummy
2024-10-02 05:46:25,698 - qm - INFO     - Starting session: 21dbaeda-1a22-4342-94d2-580a1d643956
2024-10-02 05:46:28,180 - qm - INFO     - Octave "octave2" Health check passed, current temperature 60
2024-10-02 05:46:29,621 - qm - INFO     - Octave "octave3" Health check passed, current temperature 57
2024-10-02 05:46:30,685 - qm - INFO     - Octave "octave4" Health check passed, current temperature 58
2024-10-02 05:46:31,601 - qm - INFO     - Octave "octave5" Health check passed, current temperature 59
2024-10-02 05:46:32,623 - qm - INFO     - Octave "octave6" Health check passed, current temperature 58
2024-10-02 05:46:32,623 - qm - INFO     - Performing health check
2024-10-02 05:46:32,643 - qm - WARNING  - Health check warning: Inter-OPX connectivity issues in OPX: con1. Missing ports are: 12, 11, 10, 9. See QM-App for more info.
2024-10-02 05:46:32,643 - qm - WARNING  - Health check warning: Inter-OPX connectivity issues in OPX: con2. Missing ports are: 12, 11, 10, 9. See QM-App for more info.
2024-10-02 05:46:32,643 - qm - WARNING  - Health check warning: Inter-OPX connectivity issues in OPX: con3. Missing ports are: 12, 11, 10, 9. See QM-App for more info.
2024-10-02 05:46:32,643 - qm - WARNING  - Health check warning: Inter-OPX connectivity issues in OPX: con4. Missing ports are: 12, 11, 10, 9. See QM-App for more info.
2024-10-02 05:46:32,643 - qm - WARNING  - Health check warning: Inter-OPX connectivity issues in OPX: con5. Missing ports are: 12, 11, 10, 9. See QM-App for more info.
2024-10-02 05:46:32,644 - qm - WARNING  - Health check warning: Inter-OPX connectivity issues in OPX: con6. Missing ports are: 12, 11, 10, 9. See QM-App for more info.
2024-10-02 05:46:32,644 - qm - WARNING  - Health check warning: Inter-OPX connectivity issues in OPX: con7. Missing ports are: 12, 11, 10, 9. See QM-App for more info.
2024-10-02 05:46:32,644 - qm - WARNING  - Health check warning: Inter-OPX connectivity issues in OPX: con8. Missing ports are: 12, 11, 10, 9. See QM-App for more info.
2024-10-02 05:46:32,644 - qm - WARNING  - Health check warning: Inter-OPX connectivity issues in OPX: con9. Missing ports are: 12, 11, 10, 9. See QM-App for more info.
2024-10-02 05:46:32,644 - qm - INFO     - Health check passed
Connected to: Rohde&Schwarz SGS100A (serial:1416.0505k02/114167, firmware:4.2.76.0-4.30.046.295) in 0.18s
Connected to: Rohde&Schwarz SGS100A (serial:1416.0505k02/114164, firmware:4.2.76.0-4.30.046.295) in 0.15s
2024-10-02 05:46:35,037 - qm - INFO     - Sending program to QOP for compilation
2024-10-02 05:46:35,172 - qm - INFO     - Executing program
slurmstepd-fahid: error: *** JOB 559418 ON fahid CANCELLED AT 2024-10-02T05:47:09 ***
