[Qibo 0.2.12|INFO|2024-10-04 12:40:28]: Loading platform dummy
2024-10-04 12:40:29,596 - qm - INFO     - Starting session: 4587954f-982e-4e87-9d89-a895ad2d75a9
2024-10-04 12:40:32,514 - qm - INFO     - Octave "octave2" Health check passed, current temperature 60
2024-10-04 12:40:33,540 - qm - INFO     - Octave "octave3" Health check passed, current temperature 57
2024-10-04 12:40:34,405 - qm - INFO     - Octave "octave4" Health check passed, current temperature 58
2024-10-04 12:40:35,128 - qm - INFO     - Octave "octave5" Health check passed, current temperature 59
2024-10-04 12:40:36,532 - qm - INFO     - Octave "octave6" Health check passed, current temperature 58
2024-10-04 12:40:36,532 - qm - INFO     - Performing health check
2024-10-04 12:40:36,552 - qm - WARNING  - Health check warning: Inter-OPX connectivity issues in OPX: con1. Missing ports are: 12, 11, 10, 9. See QM-App for more info.
2024-10-04 12:40:36,552 - qm - WARNING  - Health check warning: Inter-OPX connectivity issues in OPX: con2. Missing ports are: 12, 11, 10, 9. See QM-App for more info.
2024-10-04 12:40:36,552 - qm - WARNING  - Health check warning: Inter-OPX connectivity issues in OPX: con3. Missing ports are: 12, 11, 10, 9. See QM-App for more info.
2024-10-04 12:40:36,552 - qm - WARNING  - Health check warning: Inter-OPX connectivity issues in OPX: con4. Missing ports are: 12, 11, 10, 9. See QM-App for more info.
2024-10-04 12:40:36,552 - qm - WARNING  - Health check warning: Inter-OPX connectivity issues in OPX: con5. Missing ports are: 12, 11, 10, 9. See QM-App for more info.
2024-10-04 12:40:36,552 - qm - WARNING  - Health check warning: Inter-OPX connectivity issues in OPX: con6. Missing ports are: 12, 11, 10, 9. See QM-App for more info.
2024-10-04 12:40:36,552 - qm - WARNING  - Health check warning: Inter-OPX connectivity issues in OPX: con7. Missing ports are: 12, 11, 10, 9. See QM-App for more info.
2024-10-04 12:40:36,552 - qm - WARNING  - Health check warning: Inter-OPX connectivity issues in OPX: con8. Missing ports are: 12, 11, 10, 9. See QM-App for more info.
2024-10-04 12:40:36,553 - qm - WARNING  - Health check warning: Inter-OPX connectivity issues in OPX: con9. Missing ports are: 12, 11, 10, 9. See QM-App for more info.
2024-10-04 12:40:36,553 - qm - INFO     - Health check passed
Connected to: Rohde&Schwarz SGS100A (serial:1416.0505k02/114167, firmware:4.2.76.0-4.30.046.295) in 0.18s
Connected to: Rohde&Schwarz SGS100A (serial:1416.0505k02/114164, firmware:4.2.76.0-4.30.046.295) in 0.14s
2024-10-04 12:40:38,600 - qm - INFO     - Sending program to QOP for compilation
2024-10-04 12:40:38,748 - qm - INFO     - Executing program
2024-10-04 12:40:40,751 - qm - INFO     - Sending program to QOP for compilation
2024-10-04 12:40:40,896 - qm - INFO     - Executing program
2024-10-04 12:40:43,140 - qm - INFO     - Sending program to QOP for compilation
2024-10-04 12:40:43,352 - qm - INFO     - Executing program
2024-10-04 12:40:46,040 - qm - INFO     - Sending program to QOP for compilation
2024-10-04 12:40:46,256 - qm - INFO     - Executing program
2024-10-04 12:40:48,363 - qm - INFO     - Sending program to QOP for compilation
2024-10-04 12:40:48,584 - qm - INFO     - Executing program
2024-10-04 12:40:51,325 - qm - INFO     - Sending program to QOP for compilation
2024-10-04 12:40:51,547 - qm - INFO     - Executing program
2024-10-04 12:40:54,758 - qm - INFO     - Sending program to QOP for compilation
2024-10-04 12:40:54,982 - qm - INFO     - Executing program
2024-10-04 12:40:57,304 - qm - INFO     - Sending program to QOP for compilation
2024-10-04 12:40:57,545 - qm - INFO     - Executing program
2024-10-04 12:40:59,719 - qm - INFO     - Sending program to QOP for compilation
2024-10-04 12:40:59,945 - qm - INFO     - Executing program
2024-10-04 12:41:02,320 - qm - INFO     - Sending program to QOP for compilation
2024-10-04 12:41:02,559 - qm - INFO     - Executing program
2024-10-04 12:41:04,710 - qm - INFO     - Sending program to QOP for compilation
2024-10-04 12:41:04,933 - qm - INFO     - Executing program
2024-10-04 12:41:07,589 - qm - INFO     - Sending program to QOP for compilation
2024-10-04 12:41:07,818 - qm - INFO     - Executing program
2024-10-04 12:41:09,864 - qm - INFO     - Sending program to QOP for compilation
2024-10-04 12:41:10,111 - qm - INFO     - Executing program
2024-10-04 12:41:12,756 - qm - INFO     - Sending program to QOP for compilation
2024-10-04 12:41:12,941 - qm - INFO     - Executing program
2024-10-04 12:41:15,073 - qm - INFO     - Sending program to QOP for compilation
2024-10-04 12:41:15,328 - qm - INFO     - Executing program
2024-10-04 12:41:17,947 - qm - INFO     - Sending program to QOP for compilation
2024-10-04 12:41:18,229 - qm - INFO     - Executing program
2024-10-04 12:41:20,260 - qm - INFO     - Sending program to QOP for compilation
2024-10-04 12:41:20,455 - qm - INFO     - Executing program
2024-10-04 12:41:23,139 - qm - INFO     - Sending program to QOP for compilation
2024-10-04 12:41:23,414 - qm - INFO     - Executing program
2024-10-04 12:41:25,486 - qm - INFO     - Sending program to QOP for compilation
2024-10-04 12:41:25,758 - qm - INFO     - Executing program
2024-10-04 12:41:28,386 - qm - INFO     - Sending program to QOP for compilation
2024-10-04 12:41:28,667 - qm - INFO     - Executing program
