[Qibo 0.2.12|INFO|2024-09-30 17:53:17]: Loading platform dummy
2024-09-30 17:53:18,001 - qm - INFO     - Starting session: 035f6740-7705-4f7f-9416-bee961a69ca8
2024-09-30 17:53:20,848 - qm - INFO     - Octave "octave2" Health check passed, current temperature 60
2024-09-30 17:53:21,963 - qm - INFO     - Octave "octave3" Health check passed, current temperature 57
2024-09-30 17:53:22,704 - qm - INFO     - Octave "octave4" Health check passed, current temperature 58
2024-09-30 17:53:23,772 - qm - INFO     - Octave "octave5" Health check passed, current temperature 59
2024-09-30 17:53:24,498 - qm - INFO     - Octave "octave6" Health check passed, current temperature 58
2024-09-30 17:53:24,499 - qm - INFO     - Performing health check
2024-09-30 17:53:24,522 - qm - WARNING  - Health check warning: Inter-OPX connectivity issues in OPX: con1. Missing ports are: 12, 11, 10, 9. See QM-App for more info.
2024-09-30 17:53:24,522 - qm - WARNING  - Health check warning: Inter-OPX connectivity issues in OPX: con2. Missing ports are: 12, 11, 10, 9. See QM-App for more info.
2024-09-30 17:53:24,522 - qm - WARNING  - Health check warning: Inter-OPX connectivity issues in OPX: con3. Missing ports are: 12, 11, 10, 9. See QM-App for more info.
2024-09-30 17:53:24,522 - qm - WARNING  - Health check warning: Inter-OPX connectivity issues in OPX: con4. Missing ports are: 12, 11, 10, 9. See QM-App for more info.
2024-09-30 17:53:24,522 - qm - WARNING  - Health check warning: Inter-OPX connectivity issues in OPX: con5. Missing ports are: 12, 11, 10, 9. See QM-App for more info.
2024-09-30 17:53:24,522 - qm - WARNING  - Health check warning: Inter-OPX connectivity issues in OPX: con6. Missing ports are: 12, 11, 10, 9. See QM-App for more info.
2024-09-30 17:53:24,522 - qm - WARNING  - Health check warning: Inter-OPX connectivity issues in OPX: con7. Missing ports are: 12, 11, 10, 9. See QM-App for more info.
2024-09-30 17:53:24,522 - qm - WARNING  - Health check warning: Inter-OPX connectivity issues in OPX: con8. Missing ports are: 12, 11, 10, 9. See QM-App for more info.
2024-09-30 17:53:24,522 - qm - WARNING  - Health check warning: Inter-OPX connectivity issues in OPX: con9. Missing ports are: 12, 11, 10, 9. See QM-App for more info.
2024-09-30 17:53:24,522 - qm - INFO     - Health check passed
Connected to: Rohde&Schwarz SGS100A (serial:1416.0505k02/114167, firmware:4.2.76.0-4.30.046.295) in 0.18s
Connected to: Rohde&Schwarz SGS100A (serial:1416.0505k02/114164, firmware:4.2.76.0-4.30.046.295) in 0.15s
Traceback (most recent call last):
  File "/nfs/users/elisa.stabilini/cal_qw11q/manual_cal/D2_mask/resonator_flux_dependence.py", line 15, in <module>
    resonator_flux = e.resonator_flux(
  File "/nfs/users/elisa.stabilini/qibocal/src/qibocal/auto/execute.py", line 226, in wrapper
    return self.run_protocol(protocol, parameters=action, mode=mode)
  File "/nfs/users/elisa.stabilini/qibocal/src/qibocal/auto/execute.py", line 128, in run_protocol
    task = Task(action=parameters, operation=protocol)
  File "<string>", line 5, in __init__
  File "/nfs/users/elisa.stabilini/qibocal/src/qibocal/auto/task.py", line 86, in __post_init__
    self.operation.parameters_type.load(self.action.parameters)
  File "/nfs/users/elisa.stabilini/qibocal/src/qibocal/auto/operation.py", line 99, in load
    instantiated_class = cls(**parameters)
TypeError: ResonatorFluxParameters.__init__() got an unexpected keyword argument 'drive_amplitude'
