[Qibo 0.2.12|INFO|2024-10-02 20:07:24]: Loading platform dummy
2024-10-02 20:07:25,159 - qm - INFO     - Starting session: 22c0256f-bbe9-4477-8eff-3e8f72cb180c
2024-10-02 20:07:27,858 - qm - INFO     - Octave "octave2" Health check passed, current temperature 60
2024-10-02 20:07:28,835 - qm - INFO     - Octave "octave3" Health check passed, current temperature 57
2024-10-02 20:07:29,785 - qm - INFO     - Octave "octave4" Health check passed, current temperature 58
2024-10-02 20:07:30,567 - qm - INFO     - Octave "octave5" Health check passed, current temperature 59
2024-10-02 20:07:31,296 - qm - INFO     - Octave "octave6" Health check passed, current temperature 58
2024-10-02 20:07:31,296 - qm - INFO     - Performing health check
2024-10-02 20:07:31,318 - qm - WARNING  - Health check warning: Inter-OPX connectivity issues in OPX: con1. Missing ports are: 12, 11, 10, 9. See QM-App for more info.
2024-10-02 20:07:31,318 - qm - WARNING  - Health check warning: Inter-OPX connectivity issues in OPX: con2. Missing ports are: 12, 11, 10, 9. See QM-App for more info.
2024-10-02 20:07:31,318 - qm - WARNING  - Health check warning: Inter-OPX connectivity issues in OPX: con3. Missing ports are: 12, 11, 10, 9. See QM-App for more info.
2024-10-02 20:07:31,318 - qm - WARNING  - Health check warning: Inter-OPX connectivity issues in OPX: con4. Missing ports are: 12, 11, 10, 9. See QM-App for more info.
2024-10-02 20:07:31,318 - qm - WARNING  - Health check warning: Inter-OPX connectivity issues in OPX: con5. Missing ports are: 12, 11, 10, 9. See QM-App for more info.
2024-10-02 20:07:31,318 - qm - WARNING  - Health check warning: Inter-OPX connectivity issues in OPX: con6. Missing ports are: 12, 11, 10, 9. See QM-App for more info.
2024-10-02 20:07:31,318 - qm - WARNING  - Health check warning: Inter-OPX connectivity issues in OPX: con7. Missing ports are: 12, 11, 10, 9. See QM-App for more info.
2024-10-02 20:07:31,318 - qm - WARNING  - Health check warning: Inter-OPX connectivity issues in OPX: con8. Missing ports are: 12, 11, 10, 9. See QM-App for more info.
2024-10-02 20:07:31,318 - qm - WARNING  - Health check warning: Inter-OPX connectivity issues in OPX: con9. Missing ports are: 12, 11, 10, 9. See QM-App for more info.
2024-10-02 20:07:31,318 - qm - INFO     - Health check passed
Connected to: Rohde&Schwarz SGS100A (serial:1416.0505k02/114167, firmware:4.2.76.0-4.30.046.295) in 0.18s
Connected to: Rohde&Schwarz SGS100A (serial:1416.0505k02/114164, firmware:4.2.76.0-4.30.046.295) in 0.14s
Traceback (most recent call last):
  File "/nfs/users/elisa.stabilini/cal_qw11q/manual_cal/D2_mask/rabi_amplitude.py", line 16, in <module>
    rabi = e.rabi_amplitude(
  File "/nfs/users/elisa.stabilini/qibocal/src/qibocal/auto/execute.py", line 226, in wrapper
    return self.run_protocol(protocol, parameters=action, mode=mode)
  File "/nfs/users/elisa.stabilini/qibocal/src/qibocal/auto/execute.py", line 128, in run_protocol
    task = Task(action=parameters, operation=protocol)
  File "<string>", line 5, in __init__
  File "/nfs/users/elisa.stabilini/qibocal/src/qibocal/auto/task.py", line 86, in __post_init__
    self.operation.parameters_type.load(self.action.parameters)
  File "/nfs/users/elisa.stabilini/qibocal/src/qibocal/auto/operation.py", line 99, in load
    instantiated_class = cls(**parameters)
TypeError: RabiAmplitudeParameters.__init__() got an unexpected keyword argument 'min_freq'
