[Qibo 0.2.12|INFO|2024-09-30 15:36:42]: Loading platform dummy
2024-09-30 15:36:43,117 - qm - INFO     - Starting session: cd2789e0-646e-45f6-952d-83ac969e6af5
2024-09-30 15:36:45,542 - qm - INFO     - Octave "octave2" Health check passed, current temperature 60
2024-09-30 15:36:46,745 - qm - INFO     - Octave "octave3" Health check passed, current temperature 57
2024-09-30 15:36:47,478 - qm - INFO     - Octave "octave4" Health check passed, current temperature 58
2024-09-30 15:36:48,539 - qm - INFO     - Octave "octave5" Health check passed, current temperature 59
2024-09-30 15:36:49,557 - qm - INFO     - Octave "octave6" Health check passed, current temperature 58
2024-09-30 15:36:49,557 - qm - INFO     - Performing health check
2024-09-30 15:36:49,578 - qm - WARNING  - Health check warning: Inter-OPX connectivity issues in OPX: con1. Missing ports are: 12, 11, 10, 9. See QM-App for more info.
2024-09-30 15:36:49,578 - qm - WARNING  - Health check warning: Inter-OPX connectivity issues in OPX: con2. Missing ports are: 12, 11, 10, 9. See QM-App for more info.
2024-09-30 15:36:49,579 - qm - WARNING  - Health check warning: Inter-OPX connectivity issues in OPX: con3. Missing ports are: 12, 11, 10, 9. See QM-App for more info.
2024-09-30 15:36:49,579 - qm - WARNING  - Health check warning: Inter-OPX connectivity issues in OPX: con4. Missing ports are: 12, 11, 10, 9. See QM-App for more info.
2024-09-30 15:36:49,579 - qm - WARNING  - Health check warning: Inter-OPX connectivity issues in OPX: con5. Missing ports are: 12, 11, 10, 9. See QM-App for more info.
2024-09-30 15:36:49,579 - qm - WARNING  - Health check warning: Inter-OPX connectivity issues in OPX: con6. Missing ports are: 12, 11, 10, 9. See QM-App for more info.
2024-09-30 15:36:49,579 - qm - WARNING  - Health check warning: Inter-OPX connectivity issues in OPX: con7. Missing ports are: 12, 11, 10, 9. See QM-App for more info.
2024-09-30 15:36:49,579 - qm - WARNING  - Health check warning: Inter-OPX connectivity issues in OPX: con8. Missing ports are: 12, 11, 10, 9. See QM-App for more info.
2024-09-30 15:36:49,579 - qm - WARNING  - Health check warning: Inter-OPX connectivity issues in OPX: con9. Missing ports are: 12, 11, 10, 9. See QM-App for more info.
2024-09-30 15:36:49,579 - qm - INFO     - Health check passed
Connected to: Rohde&Schwarz SGS100A (serial:1416.0505k02/114167, firmware:4.2.76.0-4.30.046.295) in 0.18s
Connected to: Rohde&Schwarz SGS100A (serial:1416.0505k02/114164, firmware:4.2.76.0-4.30.046.295) in 0.14s
Traceback (most recent call last):
  File "/nfs/users/elisa.stabilini/cal_qw11q/manual_cal/D2_mask/qubit_power_spectroscopy.py", line 15, in <module>
    qubit_power_spectroscopy = e.qubit_power_spectroscopy(
  File "/nfs/users/elisa.stabilini/qibocal/src/qibocal/auto/execute.py", line 226, in wrapper
    return self.run_protocol(protocol, parameters=action, mode=mode)
  File "/nfs/users/elisa.stabilini/qibocal/src/qibocal/auto/execute.py", line 131, in run_protocol
    completed = task.run(platform=self.platform, targets=self.targets, mode=mode)
  File "/nfs/users/elisa.stabilini/qibocal/src/qibocal/auto/task.py", line 149, in run
    completed.data, completed.data_time = operation.acquisition(
  File "/nfs/users/elisa.stabilini/qibocal/src/qibocal/auto/operation.py", line 42, in wrapper
    out = func(*args, **kwds)
  File "/nfs/users/elisa.stabilini/qibocal/src/qibocal/protocols/qubit_power_spectroscopy.py", line 104, in _acquisition
    results = platform.sweep(
  File "/nfs/users/elisa.stabilini/my_calibration/lib/python3.10/site-packages/qibolab/platform/platform.py", line 301, in sweep
    new_result = instrument.sweep(
  File "/nfs/users/elisa.stabilini/my_calibration/lib/python3.10/site-packages/qibolab/instruments/qm/controller.py", line 372, in sweep
    qmsequence, ro_pulses = self.create_sequence(qubits, sequence, sweepers)
  File "/nfs/users/elisa.stabilini/my_calibration/lib/python3.10/site-packages/qibolab/instruments/qm/controller.py", line 321, in create_sequence
    pulses_to_bake = find_baking_pulses(sweepers)
  File "/nfs/users/elisa.stabilini/my_calibration/lib/python3.10/site-packages/qibolab/instruments/qm/controller.py", line 62, in find_baking_pulses
    step = values[1] - values[0] if len(values) > 0 else values[0]
IndexError: index 1 is out of bounds for axis 0 with size 1
